#
# There is insufficient memory for the Java Runtime Environment to continue.
# Native memory allocation (malloc) failed to allocate 1051616 bytes for Chunk::new
# Possible reasons:
#   The system is out of physical RAM or swap space
#   The process is running with CompressedOops enabled, and the Java Heap may be blocking the growth of the native heap
# Possible solutions:
#   Reduce memory load on the system
#   Increase physical memory or swap space
#   Check if swap backing store is full
#   Decrease Java heap size (-Xmx/-Xms)
#   Decrease number of Java threads
#   Decrease Java thread stack sizes (-Xss)
#   Set larger code cache with -XX:ReservedCodeCacheSize=
#   JVM is running with Unscaled Compressed Oops mode in which the Java heap is
#     placed in the first 4GB address space. The Java Heap base address is the
#     maximum limit for the native heap growth. Please use -XX:HeapBaseMinAddress
#     to set the Java Heap base and to place the Java Heap above 4GB virtual address.
# This output file may be truncated or incomplete.
#
#  Out of Memory Error (arena.cpp:189), pid=32296, tid=1920
#
# JRE version: OpenJDK Runtime Environment Microsoft-8035246 (17.0.8+7) (build 17.0.8+7-LTS)
# Java VM: OpenJDK 64-Bit Server VM Microsoft-8035246 (17.0.8+7-LTS, mixed mode, sharing, tiered, compressed oops, compressed class ptrs, g1 gc, windows-amd64)
# No core dump will be written. Minidumps are not enabled by default on client versions of Windows
#

---------------  S U M M A R Y ------------

Command Line: -Xmx64m -Xms64m -Dorg.gradle.appname=gradlew org.gradle.wrapper.GradleWrapperMain app:installDebug -PreactNativeDevServerPort=8081

Host: Intel(R) Core(TM) i5-8250U CPU @ 1.60GHz, 8 cores, 3G,  Windows 11 , 64 bit Build 22621 (10.0.22621.2506)
Time: Tue Jan 23 15:10:59 2024 India Standard Time elapsed time: 246.808350 seconds (0d 0h 4m 6s)

---------------  T H R E A D  ---------------

Current thread (0x000002552c41f490):  JavaThread "C2 CompilerThread0" daemon [_thread_in_native, id=1920, stack(0x0000007a27c00000,0x0000007a27d00000)]


Current CompileTask:
C2: 246808 1793       4       org.gradle.internal.logging.console.WorkInProgressRenderer::renderNow (351 bytes)

Stack: [0x0000007a27c00000,0x0000007a27d00000]
Native frames: (J=compiled Java code, j=interpreted, Vv=VM code, C=native code)
V  [jvm.dll+0x67bf3a]
V  [jvm.dll+0x83a024]
V  [jvm.dll+0x83b7ce]
V  [jvm.dll+0x83be33]
V  [jvm.dll+0x24785f]
V  [jvm.dll+0xac3bc]
V  [jvm.dll+0xac98c]
V  [jvm.dll+0x368107]
V  [jvm.dll+0x1bd6d8]
V  [jvm.dll+0x21a289]
V  [jvm.dll+0x219551]
V  [jvm.dll+0x1a56b6]
V  [jvm.dll+0x2291ea]
V  [jvm.dll+0x22724c]
V  [jvm.dll+0x7efd0c]
V  [jvm.dll+0x7ea13a]
V  [jvm.dll+0x67ad85]
C  [ucrtbase.dll+0x29363]
C  [KERNEL32.DLL+0x1257d]
C  [ntdll.dll+0x5aa58]


---------------  P R O C E S S  ---------------

Threads class SMR info:
_java_thread_list=0x0000025572c4c2a0, length=15, elements={
0x0000025512a2fbf0, 0x000002552c3fefc0, 0x000002552c3ffd50, 0x000002552c40c420,
0x000002552c40fd10, 0x000002552c4105e0, 0x000002552c410eb0, 0x000002552c41f490,
0x000002552c41fe50, 0x000002552c436f90, 0x000002552c652e90, 0x000002552c657390,
0x0000025572797820, 0x00000255726442d0, 0x000002552c6195b0
}

Java Threads: ( => current thread )
  0x0000025512a2fbf0 JavaThread "main" [_thread_in_native, id=30488, stack(0x0000007a26f00000,0x0000007a27000000)]
  0x000002552c3fefc0 JavaThread "Reference Handler" daemon [_thread_blocked, id=23704, stack(0x0000007a27600000,0x0000007a27700000)]
  0x000002552c3ffd50 JavaThread "Finalizer" daemon [_thread_blocked, id=11040, stack(0x0000007a27700000,0x0000007a27800000)]
  0x000002552c40c420 JavaThread "Signal Dispatcher" daemon [_thread_blocked, id=5100, stack(0x0000007a27800000,0x0000007a27900000)]
  0x000002552c40fd10 JavaThread "Attach Listener" daemon [_thread_blocked, id=3664, stack(0x0000007a27900000,0x0000007a27a00000)]
  0x000002552c4105e0 JavaThread "Service Thread" daemon [_thread_blocked, id=12824, stack(0x0000007a27a00000,0x0000007a27b00000)]
  0x000002552c410eb0 JavaThread "Monitor Deflation Thread" daemon [_thread_blocked, id=25352, stack(0x0000007a27b00000,0x0000007a27c00000)]
=>0x000002552c41f490 JavaThread "C2 CompilerThread0" daemon [_thread_in_native, id=1920, stack(0x0000007a27c00000,0x0000007a27d00000)]
  0x000002552c41fe50 JavaThread "C1 CompilerThread0" daemon [_thread_blocked, id=15096, stack(0x0000007a27d00000,0x0000007a27e00000)]
  0x000002552c436f90 JavaThread "Sweeper thread" daemon [_thread_blocked, id=10028, stack(0x0000007a27e00000,0x0000007a27f00000)]
  0x000002552c652e90 JavaThread "Notification Thread" daemon [_thread_blocked, id=32028, stack(0x0000007a27f00000,0x0000007a28000000)]
  0x000002552c657390 JavaThread "Common-Cleaner" daemon [_thread_blocked, id=18288, stack(0x0000007a28100000,0x0000007a28200000)]
  0x0000025572797820 JavaThread "pool-1-thread-1" [_thread_blocked, id=9456, stack(0x0000007a28600000,0x0000007a28700000)]
  0x00000255726442d0 JavaThread "DisconnectableInputStream source reader" daemon [_thread_in_native, id=4060, stack(0x0000007a28800000,0x0000007a28900000)]
  0x000002552c6195b0 JavaThread "Forward input" [_thread_blocked, id=29432, stack(0x0000007a28900000,0x0000007a28a00000)]

Other Threads:
  0x0000025512ad4400 VMThread "VM Thread" [stack: 0x0000007a27500000,0x0000007a27600000] [id=27896]
  0x0000025512a70490 WatcherThread [stack: 0x0000007a28000000,0x0000007a28100000] [id=30480]
  0x0000025512a4fec0 GCTaskThread "GC Thread#0" [stack: 0x0000007a27000000,0x0000007a27100000] [id=21284]
  0x000002557250e460 GCTaskThread "GC Thread#1" [stack: 0x0000007a28200000,0x0000007a28300000] [id=13656]
  0x0000025572752cc0 GCTaskThread "GC Thread#2" [stack: 0x0000007a28300000,0x0000007a28400000] [id=12452]
  0x0000025572c22850 GCTaskThread "GC Thread#3" [stack: 0x0000007a28400000,0x0000007a28500000] [id=23960]
  0x00000255726341c0 GCTaskThread "GC Thread#4" [stack: 0x0000007a28500000,0x0000007a28600000] [id=11868]
  0x0000025572c1da40 GCTaskThread "GC Thread#5" [stack: 0x0000007a26c00000,0x0000007a26d00000] [id=7308]
  0x000002552c618270 GCTaskThread "GC Thread#6" [stack: 0x0000007a26d00000,0x0000007a26e00000] [id=30768]
  0x0000025572bedbf0 GCTaskThread "GC Thread#7" [stack: 0x0000007a26e00000,0x0000007a26f00000] [id=21792]
  0x0000025512a51520 ConcurrentGCThread "G1 Main Marker" [stack: 0x0000007a27100000,0x0000007a27200000] [id=13952]
  0x0000025512a525e0 ConcurrentGCThread "G1 Conc#0" [stack: 0x0000007a27200000,0x0000007a27300000] [id=17272]
  0x0000025512ab5020 ConcurrentGCThread "G1 Refine#0" [stack: 0x0000007a27300000,0x0000007a27400000] [id=29416]
  0x0000025512ab5960 ConcurrentGCThread "G1 Service" [stack: 0x0000007a27400000,0x0000007a27500000] [id=30512]

Threads with active compile tasks:
C2 CompilerThread0   247035 1793       4       org.gradle.internal.logging.console.WorkInProgressRenderer::renderNow (351 bytes)

VM state: not at safepoint (normal execution)

VM Mutex/Monitor currently owned by a thread: None

Heap address: 0x00000000fc000000, size: 64 MB, Compressed Oops mode: 32-bit

CDS archive(s) mapped at: [0x000002552d000000-0x000002552dbd0000-0x000002552dbd0000), size 12386304, SharedBaseAddress: 0x000002552d000000, ArchiveRelocationMode: 1.
Compressed class space mapped at: 0x000002552e000000-0x000002556e000000, reserved size: 1073741824
Narrow klass base: 0x000002552d000000, Narrow klass shift: 0, Narrow klass range: 0x100000000

GC Precious Log:
 CPUs: 8 total, 8 available
 Memory: 3962M
 Large Page Support: Disabled
 NUMA Support: Disabled
 Compressed Oops: Enabled (32-bit)
 Heap Region Size: 1M
 Heap Min Capacity: 64M
 Heap Initial Capacity: 64M
 Heap Max Capacity: 64M
 Pre-touch: Disabled
 Parallel Workers: 8
 Concurrent Workers: 2
 Concurrent Refinement Workers: 8
 Periodic GC: Disabled

Heap:
 garbage-first heap   total 65536K, used 12757K [0x00000000fc000000, 0x0000000100000000)
  region size 1024K, 3 young (3072K), 2 survivors (2048K)
 Metaspace       used 9443K, committed 9664K, reserved 1114112K
  class space    used 1226K, committed 1344K, reserved 1048576K

Heap Regions: E=young(eden), S=young(survivor), O=old, HS=humongous(starts), HC=humongous(continues), CS=collection set, F=free, OA=open archive, CA=closed archive, TAMS=top-at-mark-start (previous, next)
|   0|0x00000000fc000000, 0x00000000fc100000, 0x00000000fc100000|100%|HS|  |TAMS 0x00000000fc000000, 0x00000000fc000000| Complete 
|   1|0x00000000fc100000, 0x00000000fc200000, 0x00000000fc200000|100%|HC|  |TAMS 0x00000000fc100000, 0x00000000fc100000| Complete 
|   2|0x00000000fc200000, 0x00000000fc300000, 0x00000000fc300000|100%|HC|  |TAMS 0x00000000fc200000, 0x00000000fc200000| Complete 
|   3|0x00000000fc300000, 0x00000000fc400000, 0x00000000fc400000|100%|HC|  |TAMS 0x00000000fc300000, 0x00000000fc300000| Complete 
|   4|0x00000000fc400000, 0x00000000fc500000, 0x00000000fc500000|100%| O|  |TAMS 0x00000000fc400000, 0x00000000fc400000| Untracked 
|   5|0x00000000fc500000, 0x00000000fc600000, 0x00000000fc600000|100%| O|  |TAMS 0x00000000fc500000, 0x00000000fc500000| Untracked 
|   6|0x00000000fc600000, 0x00000000fc700000, 0x00000000fc700000|100%| O|  |TAMS 0x00000000fc600000, 0x00000000fc600000| Untracked 
|   7|0x00000000fc700000, 0x00000000fc800000, 0x00000000fc800000|100%| O|  |TAMS 0x00000000fc700000, 0x00000000fc700000| Untracked 
|   8|0x00000000fc800000, 0x00000000fc900000, 0x00000000fc900000|100%| O|  |TAMS 0x00000000fc800000, 0x00000000fc800000| Untracked 
|   9|0x00000000fc900000, 0x00000000fca00000, 0x00000000fca00000|100%| O|  |TAMS 0x00000000fc900000, 0x00000000fc900000| Untracked 
|  10|0x00000000fca00000, 0x00000000fcaf7a00, 0x00000000fcb00000| 96%| O|  |TAMS 0x00000000fca00000, 0x00000000fca00000| Untracked 
|  11|0x00000000fcb00000, 0x00000000fcb00000, 0x00000000fcc00000|  0%| F|  |TAMS 0x00000000fcb00000, 0x00000000fcb00000| Untracked 
|  12|0x00000000fcc00000, 0x00000000fcc00000, 0x00000000fcd00000|  0%| F|  |TAMS 0x00000000fcc00000, 0x00000000fcc00000| Untracked 
|  13|0x00000000fcd00000, 0x00000000fcd00000, 0x00000000fce00000|  0%| F|  |TAMS 0x00000000fcd00000, 0x00000000fcd00000| Untracked 
|  14|0x00000000fce00000, 0x00000000fce00000, 0x00000000fcf00000|  0%| F|  |TAMS 0x00000000fce00000, 0x00000000fce00000| Untracked 
|  15|0x00000000fcf00000, 0x00000000fcf00000, 0x00000000fd000000|  0%| F|  |TAMS 0x00000000fcf00000, 0x00000000fcf00000| Untracked 
|  16|0x00000000fd000000, 0x00000000fd000000, 0x00000000fd100000|  0%| F|  |TAMS 0x00000000fd000000, 0x00000000fd000000| Untracked 
|  17|0x00000000fd100000, 0x00000000fd100000, 0x00000000fd200000|  0%| F|  |TAMS 0x00000000fd100000, 0x00000000fd100000| Untracked 
|  18|0x00000000fd200000, 0x00000000fd200000, 0x00000000fd300000|  0%| F|  |TAMS 0x00000000fd200000, 0x00000000fd200000| Untracked 
|  19|0x00000000fd300000, 0x00000000fd300000, 0x00000000fd400000|  0%| F|  |TAMS 0x00000000fd300000, 0x00000000fd300000| Untracked 
|  20|0x00000000fd400000, 0x00000000fd400000, 0x00000000fd500000|  0%| F|  |TAMS 0x00000000fd400000, 0x00000000fd400000| Untracked 
|  21|0x00000000fd500000, 0x00000000fd500000, 0x00000000fd600000|  0%| F|  |TAMS 0x00000000fd500000, 0x00000000fd500000| Untracked 
|  22|0x00000000fd600000, 0x00000000fd600000, 0x00000000fd700000|  0%| F|  |TAMS 0x00000000fd600000, 0x00000000fd600000| Untracked 
|  23|0x00000000fd700000, 0x00000000fd700000, 0x00000000fd800000|  0%| F|  |TAMS 0x00000000fd700000, 0x00000000fd700000| Untracked 
|  24|0x00000000fd800000, 0x00000000fd800000, 0x00000000fd900000|  0%| F|  |TAMS 0x00000000fd800000, 0x00000000fd800000| Untracked 
|  25|0x00000000fd900000, 0x00000000fd900000, 0x00000000fda00000|  0%| F|  |TAMS 0x00000000fd900000, 0x00000000fd900000| Untracked 
|  26|0x00000000fda00000, 0x00000000fda00000, 0x00000000fdb00000|  0%| F|  |TAMS 0x00000000fda00000, 0x00000000fda00000| Untracked 
|  27|0x00000000fdb00000, 0x00000000fdb00000, 0x00000000fdc00000|  0%| F|  |TAMS 0x00000000fdb00000, 0x00000000fdb00000| Untracked 
|  28|0x00000000fdc00000, 0x00000000fdc00000, 0x00000000fdd00000|  0%| F|  |TAMS 0x00000000fdc00000, 0x00000000fdc00000| Untracked 
|  29|0x00000000fdd00000, 0x00000000fdd00000, 0x00000000fde00000|  0%| F|  |TAMS 0x00000000fdd00000, 0x00000000fdd00000| Untracked 
|  30|0x00000000fde00000, 0x00000000fde00000, 0x00000000fdf00000|  0%| F|  |TAMS 0x00000000fde00000, 0x00000000fde00000| Untracked 
|  31|0x00000000fdf00000, 0x00000000fdf00000, 0x00000000fe000000|  0%| F|  |TAMS 0x00000000fdf00000, 0x00000000fdf00000| Untracked 
|  32|0x00000000fe000000, 0x00000000fe000000, 0x00000000fe100000|  0%| F|  |TAMS 0x00000000fe000000, 0x00000000fe000000| Untracked 
|  33|0x00000000fe100000, 0x00000000fe100000, 0x00000000fe200000|  0%| F|  |TAMS 0x00000000fe100000, 0x00000000fe100000| Untracked 
|  34|0x00000000fe200000, 0x00000000fe200000, 0x00000000fe300000|  0%| F|  |TAMS 0x00000000fe200000, 0x00000000fe200000| Untracked 
|  35|0x00000000fe300000, 0x00000000fe300000, 0x00000000fe400000|  0%| F|  |TAMS 0x00000000fe300000, 0x00000000fe300000| Untracked 
|  36|0x00000000fe400000, 0x00000000fe400000, 0x00000000fe500000|  0%| F|  |TAMS 0x00000000fe400000, 0x00000000fe400000| Untracked 
|  37|0x00000000fe500000, 0x00000000fe57dbb0, 0x00000000fe600000| 49%| S|CS|TAMS 0x00000000fe500000, 0x00000000fe500000| Complete 
|  38|0x00000000fe600000, 0x00000000fe600000, 0x00000000fe700000|  0%| F|  |TAMS 0x00000000fe600000, 0x00000000fe600000| Untracked 
|  39|0x00000000fe700000, 0x00000000fe700000, 0x00000000fe800000|  0%| F|  |TAMS 0x00000000fe700000, 0x00000000fe700000| Untracked 
|  40|0x00000000fe800000, 0x00000000fe800000, 0x00000000fe900000|  0%| F|  |TAMS 0x00000000fe800000, 0x00000000fe800000| Untracked 
|  41|0x00000000fe900000, 0x00000000fea00000, 0x00000000fea00000|100%| S|CS|TAMS 0x00000000fe900000, 0x00000000fe900000| Complete 
|  42|0x00000000fea00000, 0x00000000fea00000, 0x00000000feb00000|  0%| F|  |TAMS 0x00000000fea00000, 0x00000000fea00000| Untracked 
|  43|0x00000000feb00000, 0x00000000feb00000, 0x00000000fec00000|  0%| F|  |TAMS 0x00000000feb00000, 0x00000000feb00000| Untracked 
|  44|0x00000000fec00000, 0x00000000fec00000, 0x00000000fed00000|  0%| F|  |TAMS 0x00000000fec00000, 0x00000000fec00000| Untracked 
|  45|0x00000000fed00000, 0x00000000fed00000, 0x00000000fee00000|  0%| F|  |TAMS 0x00000000fed00000, 0x00000000fed00000| Untracked 
|  46|0x00000000fee00000, 0x00000000fee00000, 0x00000000fef00000|  0%| F|  |TAMS 0x00000000fee00000, 0x00000000fee00000| Untracked 
|  47|0x00000000fef00000, 0x00000000fef00000, 0x00000000ff000000|  0%| F|  |TAMS 0x00000000fef00000, 0x00000000fef00000| Untracked 
|  48|0x00000000ff000000, 0x00000000ff000000, 0x00000000ff100000|  0%| F|  |TAMS 0x00000000ff000000, 0x00000000ff000000| Untracked 
|  49|0x00000000ff100000, 0x00000000ff100000, 0x00000000ff200000|  0%| F|  |TAMS 0x00000000ff100000, 0x00000000ff100000| Untracked 
|  50|0x00000000ff200000, 0x00000000ff200000, 0x00000000ff300000|  0%| F|  |TAMS 0x00000000ff200000, 0x00000000ff200000| Untracked 
|  51|0x00000000ff300000, 0x00000000ff300000, 0x00000000ff400000|  0%| F|  |TAMS 0x00000000ff300000, 0x00000000ff300000| Untracked 
|  52|0x00000000ff400000, 0x00000000ff400000, 0x00000000ff500000|  0%| F|  |TAMS 0x00000000ff400000, 0x00000000ff400000| Untracked 
|  53|0x00000000ff500000, 0x00000000ff500000, 0x00000000ff600000|  0%| F|  |TAMS 0x00000000ff500000, 0x00000000ff500000| Untracked 
|  54|0x00000000ff600000, 0x00000000ff600000, 0x00000000ff700000|  0%| F|  |TAMS 0x00000000ff600000, 0x00000000ff600000| Untracked 
|  55|0x00000000ff700000, 0x00000000ff700000, 0x00000000ff800000|  0%| F|  |TAMS 0x00000000ff700000, 0x00000000ff700000| Untracked 
|  56|0x00000000ff800000, 0x00000000ff800000, 0x00000000ff900000|  0%| F|  |TAMS 0x00000000ff800000, 0x00000000ff800000| Untracked 
|  57|0x00000000ff900000, 0x00000000ff900000, 0x00000000ffa00000|  0%| F|  |TAMS 0x00000000ff900000, 0x00000000ff900000| Untracked 
|  58|0x00000000ffa00000, 0x00000000ffa00000, 0x00000000ffb00000|  0%| F|  |TAMS 0x00000000ffa00000, 0x00000000ffa00000| Untracked 
|  59|0x00000000ffb00000, 0x00000000ffb00000, 0x00000000ffc00000|  0%| F|  |TAMS 0x00000000ffb00000, 0x00000000ffb00000| Untracked 
|  60|0x00000000ffc00000, 0x00000000ffc00000, 0x00000000ffd00000|  0%| F|  |TAMS 0x00000000ffc00000, 0x00000000ffc00000| Untracked 
|  61|0x00000000ffd00000, 0x00000000ffd00000, 0x00000000ffe00000|  0%| F|  |TAMS 0x00000000ffd00000, 0x00000000ffd00000| Untracked 
|  62|0x00000000ffe00000, 0x00000000ffe00000, 0x00000000fff00000|  0%| F|  |TAMS 0x00000000ffe00000, 0x00000000ffe00000| Untracked 
|  63|0x00000000fff00000, 0x00000000fff99dd8, 0x0000000100000000| 60%| E|  |TAMS 0x00000000fff00000, 0x00000000fff00000| Complete 

Card table byte_map: [0x0000025512960000,0x0000025512980000] _byte_map_base: 0x0000025512180000

Marking Bits (Prev, Next): (CMBitMap*) 0x0000025512a503f0, (CMBitMap*) 0x0000025512a50430
 Prev Bits: [0x0000025529850000, 0x0000025529950000)
 Next Bits: [0x0000025529950000, 0x0000025529a50000)

Polling page: 0x00000255121e0000

Metaspace:

Usage:
  Non-class:      8.03 MB used.
      Class:      1.20 MB used.
       Both:      9.22 MB used.

Virtual space:
  Non-class space:       64.00 MB reserved,       8.12 MB ( 13%) committed,  1 nodes.
      Class space:        1.00 GB reserved,       1.31 MB ( <1%) committed,  1 nodes.
             Both:        1.06 GB reserved,       9.44 MB ( <1%) committed. 

Chunk freelists:
   Non-Class:  7.70 MB
       Class:  14.61 MB
        Both:  22.31 MB

MaxMetaspaceSize: unlimited
CompressedClassSpaceSize: 1.00 GB
Initial GC threshold: 21.00 MB
Current GC threshold: 21.00 MB
CDS: on
MetaspaceReclaimPolicy: balanced
 - commit_granule_bytes: 65536.
 - commit_granule_words: 8192.
 - virtual_space_node_default_size: 8388608.
 - enlarge_chunks_in_place: 1.
 - new_chunks_are_fully_committed: 0.
 - uncommit_free_chunks: 1.
 - use_allocation_guard: 0.
 - handle_deallocations: 1.


Internal statistics:

num_allocs_failed_limit: 0.
num_arena_births: 78.
num_arena_deaths: 0.
num_vsnodes_births: 2.
num_vsnodes_deaths: 0.
num_space_committed: 151.
num_space_uncommitted: 0.
num_chunks_returned_to_freelist: 0.
num_chunks_taken_from_freelist: 318.
num_chunk_merges: 0.
num_chunk_splits: 227.
num_chunks_enlarged: 190.
num_inconsistent_stats: 0.

CodeHeap 'non-profiled nmethods': size=120000Kb used=674Kb max_used=674Kb free=119325Kb
 bounds [0x0000025521ff0000, 0x0000025522260000, 0x0000025529520000]
CodeHeap 'profiled nmethods': size=120000Kb used=3388Kb max_used=3388Kb free=116611Kb
 bounds [0x000002551a520000, 0x000002551a870000, 0x0000025521a50000]
CodeHeap 'non-nmethods': size=5760Kb used=1170Kb max_used=1198Kb free=4589Kb
 bounds [0x0000025521a50000, 0x0000025521cc0000, 0x0000025521ff0000]
 total_blobs=2253 nmethods=1785 adapters=381
 compilation: enabled
              stopped_count=0, restarted_count=0
 full_count=0

Compilation events (20 events):
Event: 203.315 Thread 0x000002552c41fe50 nmethod 1782 0x000002551a86ca10 code [0x000002551a86cbc0, 0x000002551a86cd98]
Event: 206.278 Thread 0x000002552c41fe50 1783       3       org.fusesource.jansi.Ansi::fg (17 bytes)
Event: 210.546 Thread 0x000002552c41fe50 nmethod 1783 0x000002551a86ce10 code [0x000002551a86d020, 0x000002551a86d7c8]
Event: 210.548 Thread 0x000002552c41fe50 1785       3       java.util.ArrayList::equalsArrayList (108 bytes)
Event: 210.645 Thread 0x000002552c41fe50 nmethod 1785 0x000002551a86db10 code [0x000002551a86dd20, 0x000002551a86e488]
Event: 213.785 Thread 0x000002552c41f490 1786       4       java.io.OutputStream::flush (1 bytes)
Event: 213.809 Thread 0x000002552c41f490 nmethod 1786 0x0000025522092090 code [0x0000025522092200, 0x0000025522092278]
Event: 214.011 Thread 0x000002552c41f490 1787       4       java.util.HashMap$ValueIterator::next (8 bytes)
Event: 214.215 Thread 0x000002552c41f490 nmethod 1787 0x0000025522092390 code [0x0000025522092520, 0x0000025522092958]
Event: 221.175 Thread 0x000002552c41f490 1788       4       org.gradle.internal.logging.sink.GroupingProgressLogEventGenerator$OperationGroup::maybeFlushOutput (34 bytes)
Event: 221.230 Thread 0x000002552c41f490 nmethod 1788 0x0000025522092b10 code [0x0000025522092cc0, 0x0000025522092f88]
Event: 229.837 Thread 0x000002552c41f490 1789       4       org.fusesource.jansi.Ansi::flushAttributes (94 bytes)
Event: 230.064 Thread 0x000002552c41f490 nmethod 1789 0x0000025522093310 code [0x0000025522093580, 0x00000255220952c0]
Event: 236.779 Thread 0x000002552c41f490 1790       4       org.gradle.internal.logging.console.MultiLineBuildProgressArea::redraw (203 bytes)
Event: 236.972 Thread 0x000002552c41f490 nmethod 1790 0x0000025522096290 code [0x0000025522096580, 0x00000255220974a8]
Event: 237.756 Thread 0x000002552c41f490 1791       4       java.util.concurrent.locks.ReentrantLock$NonfairSync::initialTryLock (58 bytes)
Event: 237.773 Thread 0x000002552c41f490 nmethod 1791 0x0000025522098510 code [0x0000025522098680, 0x0000025522098818]
Event: 240.312 Thread 0x000002552c41fe50 1792       3       com.google.common.collect.Lists::newArrayList (28 bytes)
Event: 240.318 Thread 0x000002552c41fe50 nmethod 1792 0x000002551a86e790 code [0x000002551a86e980, 0x000002551a86ee98]
Event: 245.315 Thread 0x000002552c41f490 1793       4       org.gradle.internal.logging.console.WorkInProgressRenderer::renderNow (351 bytes)

GC Heap History (4 events):
Event: 4.835 GC heap before
{Heap before GC invocations=0 (full 0):
 garbage-first heap   total 65536K, used 26624K [0x00000000fc000000, 0x0000000100000000)
  region size 1024K, 23 young (23552K), 0 survivors (0K)
 Metaspace       used 3817K, committed 3904K, reserved 1114112K
  class space    used 466K, committed 512K, reserved 1048576K
}
Event: 4.863 GC heap after
{Heap after GC invocations=1 (full 0):
 garbage-first heap   total 65536K, used 10952K [0x00000000fc000000, 0x0000000100000000)
  region size 1024K, 3 young (3072K), 3 survivors (3072K)
 Metaspace       used 3817K, committed 3904K, reserved 1114112K
  class space    used 466K, committed 512K, reserved 1048576K
}
Event: 227.812 GC heap before
{Heap before GC invocations=1 (full 0):
 garbage-first heap   total 65536K, used 33480K [0x00000000fc000000, 0x0000000100000000)
  region size 1024K, 25 young (25600K), 3 survivors (3072K)
 Metaspace       used 9443K, committed 9664K, reserved 1114112K
  class space    used 1226K, committed 1344K, reserved 1048576K
}
Event: 229.650 GC heap after
{Heap after GC invocations=2 (full 0):
 garbage-first heap   total 65536K, used 12757K [0x00000000fc000000, 0x0000000100000000)
  region size 1024K, 2 young (2048K), 2 survivors (2048K)
 Metaspace       used 9443K, committed 9664K, reserved 1114112K
  class space    used 1226K, committed 1344K, reserved 1048576K
}

Dll operation events (12 events):
Event: 0.157 Loaded shared library C:\Program Files\Microsoft\jdk-17.0.8.7-hotspot\bin\java.dll
Event: 0.358 Loaded shared library C:\Program Files\Microsoft\jdk-17.0.8.7-hotspot\bin\jsvml.dll
Event: 0.598 Loaded shared library C:\Program Files\Microsoft\jdk-17.0.8.7-hotspot\bin\net.dll
Event: 0.614 Loaded shared library C:\Program Files\Microsoft\jdk-17.0.8.7-hotspot\bin\nio.dll
Event: 0.635 Loaded shared library C:\Program Files\Microsoft\jdk-17.0.8.7-hotspot\bin\zip.dll
Event: 2.685 Loaded shared library C:\Program Files\Microsoft\jdk-17.0.8.7-hotspot\bin\jimage.dll
Event: 3.282 Loaded shared library C:\Program Files\Microsoft\jdk-17.0.8.7-hotspot\bin\verify.dll
Event: 5.030 Loaded shared library C:\Users\Siraj\.gradle\native\68d5fa5c4cc2d200863cafc0d521ce42e7d3e7ee720ec0a83991735586a16f82\windows-amd64\native-platform.dll
Event: 5.152 Loaded shared library C:\Users\Siraj\.gradle\native\jansi\1.18\windows64\jansi.dll
Event: 5.821 Loaded shared library C:\Program Files\Microsoft\jdk-17.0.8.7-hotspot\bin\management.dll
Event: 5.846 Loaded shared library C:\Program Files\Microsoft\jdk-17.0.8.7-hotspot\bin\management_ext.dll
Event: 8.247 Loaded shared library C:\Program Files\Microsoft\jdk-17.0.8.7-hotspot\bin\sunmscapi.dll

Deoptimization events (20 events):
Event: 7.883 Thread 0x0000025512a2fbf0 Uncommon trap: trap_request=0xffffff45 fr.pc=0x000002552205dda4 relative=0x0000000000000664
Event: 7.883 Thread 0x0000025512a2fbf0 Uncommon trap: reason=unstable_if action=reinterpret pc=0x000002552205dda4 method=java.lang.AbstractStringBuilder.append(Ljava/lang/String;)Ljava/lang/AbstractStringBuilder; @ 1 c2
Event: 7.883 Thread 0x0000025512a2fbf0 DEOPT PACKING pc=0x000002552205dda4 sp=0x0000007a26ffc3e0
Event: 7.883 Thread 0x0000025512a2fbf0 DEOPT UNPACKING pc=0x0000025521aa69a3 sp=0x0000007a26ffc360 mode 2
Event: 7.883 Thread 0x0000025512a2fbf0 Uncommon trap: trap_request=0xffffff45 fr.pc=0x00000255220253a4 relative=0x0000000000000664
Event: 7.883 Thread 0x0000025512a2fbf0 Uncommon trap: reason=unstable_if action=reinterpret pc=0x00000255220253a4 method=java.lang.AbstractStringBuilder.append(Ljava/lang/String;)Ljava/lang/AbstractStringBuilder; @ 1 c2
Event: 7.883 Thread 0x0000025512a2fbf0 DEOPT PACKING pc=0x00000255220253a4 sp=0x0000007a26ffc380
Event: 7.883 Thread 0x0000025512a2fbf0 DEOPT UNPACKING pc=0x0000025521aa69a3 sp=0x0000007a26ffc368 mode 2
Event: 72.048 Thread 0x0000025512a2fbf0 Uncommon trap: trap_request=0xffffffc6 fr.pc=0x0000025522055184 relative=0x00000000000005a4
Event: 72.048 Thread 0x0000025512a2fbf0 Uncommon trap: reason=bimorphic_or_optimized_type_check action=maybe_recompile pc=0x0000025522055184 method=java.util.concurrent.ConcurrentHashMap.get(Ljava/lang/Object;)Ljava/lang/Object; @ 149 c2
Event: 72.048 Thread 0x0000025512a2fbf0 DEOPT PACKING pc=0x0000025522055184 sp=0x0000007a26ffc6a0
Event: 72.049 Thread 0x0000025512a2fbf0 DEOPT UNPACKING pc=0x0000025521aa69a3 sp=0x0000007a26ffc640 mode 2
Event: 72.050 Thread 0x0000025512a2fbf0 Uncommon trap: trap_request=0xffffffc6 fr.pc=0x0000025522055184 relative=0x00000000000005a4
Event: 72.050 Thread 0x0000025512a2fbf0 Uncommon trap: reason=bimorphic_or_optimized_type_check action=maybe_recompile pc=0x0000025522055184 method=java.util.concurrent.ConcurrentHashMap.get(Ljava/lang/Object;)Ljava/lang/Object; @ 149 c2
Event: 72.050 Thread 0x0000025512a2fbf0 DEOPT PACKING pc=0x0000025522055184 sp=0x0000007a26ffc6a0
Event: 72.050 Thread 0x0000025512a2fbf0 DEOPT UNPACKING pc=0x0000025521aa69a3 sp=0x0000007a26ffc640 mode 2
Event: 72.050 Thread 0x0000025512a2fbf0 Uncommon trap: trap_request=0xffffffc6 fr.pc=0x0000025522055184 relative=0x00000000000005a4
Event: 72.050 Thread 0x0000025512a2fbf0 Uncommon trap: reason=bimorphic_or_optimized_type_check action=maybe_recompile pc=0x0000025522055184 method=java.util.concurrent.ConcurrentHashMap.get(Ljava/lang/Object;)Ljava/lang/Object; @ 149 c2
Event: 72.050 Thread 0x0000025512a2fbf0 DEOPT PACKING pc=0x0000025522055184 sp=0x0000007a26ffc6a0
Event: 72.051 Thread 0x0000025512a2fbf0 DEOPT UNPACKING pc=0x0000025521aa69a3 sp=0x0000007a26ffc640 mode 2

Classes unloaded (0 events):
No events

Classes redefined (0 events):
No events

Internal exceptions (18 events):
Event: 1.371 Thread 0x0000025512a2fbf0 Exception <a 'java/lang/NoSuchMethodError'{0x00000000ffc6ff68}: 'int java.lang.invoke.DirectMethodHandle$Holder.invokeStaticInit(java.lang.Object, java.lang.Object)'> (0x00000000ffc6ff68) 
thrown [s\src\hotspot\share\interpreter\linkResolver.cpp, line 759]
Event: 4.697 Thread 0x0000025512a2fbf0 Exception <a 'java/lang/NoSuchMethodError'{0x00000000fe929370}: 'void java.lang.invoke.DirectMethodHandle$Holder.invokeStatic(java.lang.Object, java.lang.Object)'> (0x00000000fe929370) 
thrown [s\src\hotspot\share\interpreter\linkResolver.cpp, line 759]
Event: 4.789 Thread 0x0000025512a2fbf0 Exception <a 'java/lang/NoClassDefFoundError'{0x00000000fe9afa60}: org/slf4j/impl/StaticMarkerBinder> (0x00000000fe9afa60) 
thrown [s\src\hotspot\share\classfile\systemDictionary.cpp, line 245]
Event: 4.904 Thread 0x0000025512a2fbf0 Exception <a 'java/lang/NoSuchMethodError'{0x00000000fff57798}: 'java.lang.Object java.lang.invoke.DirectMethodHandle$Holder.invokeVirtual(java.lang.Object, java.lang.Object, java.lang.Object, java.lang.Object, java.lang.Object, java.lang.Object, java.lang.Object)'> (0x00000000fff57798) 
thrown [s\src\hotspot\share\interpreter\linkResolver.cpp, line 759]
Event: 4.912 Thread 0x0000025512a2fbf0 Exception <a 'java/lang/NoSuchMethodError'{0x00000000fff692f8}: 'java.lang.Object java.lang.invoke.Invokers$Holder.invoker(java.lang.Object, java.lang.Object, java.lang.Object)'> (0x00000000fff692f8) 
thrown [s\src\hotspot\share\interpreter\linkResolver.cpp, line 759]
Event: 4.919 Thread 0x0000025512a2fbf0 Exception <a 'java/lang/NoSuchMethodError'{0x00000000fffaac40}: 'java.lang.Object java.lang.invoke.DirectMethodHandle$Holder.invokeStatic(java.lang.Object, java.lang.Object, int)'> (0x00000000fffaac40) 
thrown [s\src\hotspot\share\interpreter\linkResolver.cpp, line 759]
Event: 4.926 Thread 0x0000025512a2fbf0 Exception <a 'java/lang/NoSuchMethodError'{0x00000000fffb6930}: 'void java.lang.invoke.DelegatingMethodHandle$Holder.delegate(java.lang.Object, java.lang.Object, int, java.lang.Object)'> (0x00000000fffb6930) 
thrown [s\src\hotspot\share\interpreter\linkResolver.cpp, line 759]
Event: 4.928 Thread 0x0000025512a2fbf0 Exception <a 'java/lang/NoSuchMethodError'{0x00000000fffbaaf8}: 'int java.lang.invoke.DirectMethodHandle$Holder.invokeSpecial(java.lang.Object, java.lang.Object, java.lang.Object)'> (0x00000000fffbaaf8) 
thrown [s\src\hotspot\share\interpreter\linkResolver.cpp, line 759]
Event: 4.940 Thread 0x0000025512a2fbf0 Exception <a 'java/lang/NoSuchMethodError'{0x00000000fffcdc40}: 'java.lang.Object java.lang.invoke.Invokers$Holder.invokeExact_MT(java.lang.Object, java.lang.Object, java.lang.Object, java.lang.Object)'> (0x00000000fffcdc40) 
thrown [s\src\hotspot\share\interpreter\linkResolver.cpp, line 759]
Event: 5.695 Thread 0x0000025512a2fbf0 Exception <a 'java/lang/NoSuchMethodError'{0x00000000ff864f68}: 'void java.lang.invoke.DirectMethodHandle$Holder.invokeSpecial(java.lang.Object, java.lang.Object, java.lang.Object)'> (0x00000000ff864f68) 
thrown [s\src\hotspot\share\interpreter\linkResolver.cpp, line 759]
Event: 5.725 Thread 0x0000025512a2fbf0 Implicit null exception at 0x0000025522049d0f to 0x000002552204a284
Event: 5.726 Thread 0x0000025512a2fbf0 Implicit null exception at 0x000002552202b70f to 0x000002552202bc8c
Event: 5.805 Thread 0x0000025512a2fbf0 Exception <a 'java/lang/NoSuchMethodError'{0x00000000ff7b2ae8}: 'java.lang.Object java.lang.invoke.DirectMethodHandle$Holder.invokeStaticInit(java.lang.Object)'> (0x00000000ff7b2ae8) 
thrown [s\src\hotspot\share\interpreter\linkResolver.cpp, line 759]
Event: 6.357 Thread 0x0000025512a2fbf0 Exception <a 'java/lang/NoSuchMethodError'{0x00000000ff368ee8}: 'java.lang.Object java.lang.invoke.DirectMethodHandle$Holder.invokeStaticInit(java.lang.Object, int, int, int, int)'> (0x00000000ff368ee8) 
thrown [s\src\hotspot\share\interpreter\linkResolver.cpp, line 759]
Event: 7.010 Thread 0x0000025512a2fbf0 Exception <a 'java/lang/NoSuchMethodError'{0x00000000ff3c2238}: 'java.lang.Object java.lang.invoke.DirectMethodHandle$Holder.invokeStaticInit(java.lang.Object, java.lang.Object, int, int, int, int)'> (0x00000000ff3c2238) 
thrown [s\src\hotspot\share\interpreter\linkResolver.cpp, line 759]
Event: 7.805 Thread 0x0000025512a2fbf0 Exception <a 'java/lang/NoSuchMethodError'{0x00000000ff3ef438}: 'void java.lang.invoke.DirectMethodHandle$Holder.invokeStatic(java.lang.Object, java.lang.Object, java.lang.Object)'> (0x00000000ff3ef438) 
thrown [s\src\hotspot\share\interpreter\linkResolver.cpp, line 759]
Event: 7.883 Thread 0x0000025512a2fbf0 Implicit null exception at 0x000002552205d772 to 0x000002552205dd8c
Event: 7.883 Thread 0x0000025512a2fbf0 Implicit null exception at 0x0000025522024d72 to 0x000002552202538c

VM Operations (20 events):
Event: 151.749 Executing VM operation: Cleanup
Event: 151.749 Executing VM operation: Cleanup done
Event: 152.755 Executing VM operation: Cleanup
Event: 152.755 Executing VM operation: Cleanup done
Event: 162.855 Executing VM operation: Cleanup
Event: 162.855 Executing VM operation: Cleanup done
Event: 166.897 Executing VM operation: Cleanup
Event: 166.897 Executing VM operation: Cleanup done
Event: 180.580 Executing VM operation: HandshakeAllThreads
Event: 180.581 Executing VM operation: HandshakeAllThreads done
Event: 200.829 Executing VM operation: Cleanup
Event: 200.832 Executing VM operation: Cleanup done
Event: 213.950 Executing VM operation: Cleanup
Event: 213.962 Executing VM operation: Cleanup done
Event: 214.973 Executing VM operation: Cleanup
Event: 215.041 Executing VM operation: Cleanup done
Event: 227.805 Executing VM operation: G1CollectForAllocation
Event: 229.667 Executing VM operation: G1CollectForAllocation done
Event: 238.796 Executing VM operation: Cleanup
Event: 238.796 Executing VM operation: Cleanup done

Events (20 events):
Event: 95.326 loading class jdk/internal/logger/LazyLoggers$1
Event: 95.326 loading class jdk/internal/logger/LazyLoggers$1 done
Event: 95.326 loading class jdk/internal/logger/LazyLoggers$LazyLoggerFactories
Event: 95.326 loading class jdk/internal/logger/LazyLoggers$LazyLoggerFactories done
Event: 95.342 loading class jdk/internal/logger/LoggerFinderLoader
Event: 95.344 loading class jdk/internal/logger/LoggerFinderLoader done
Event: 95.377 loading class sun/util/logging/internal/LoggingProviderImpl$JULWrapper
Event: 95.380 loading class sun/util/logging/PlatformLogger$ConfigurableBridge$LoggerConfiguration
Event: 95.382 loading class sun/util/logging/PlatformLogger$ConfigurableBridge$LoggerConfiguration done
Event: 95.382 loading class sun/util/logging/internal/LoggingProviderImpl$JULWrapper done
Event: 95.384 loading class java/io/ObjectInputFilter
Event: 95.385 loading class java/io/ObjectInputFilter done
Event: 95.389 loading class java/io/ObjectInputFilter$Config$BuiltinFilterFactory
Event: 95.390 loading class java/io/ObjectInputFilter$Config$BuiltinFilterFactory done
Event: 95.390 loading class jdk/internal/access/JavaObjectInputFilterAccess
Event: 95.390 loading class jdk/internal/access/JavaObjectInputFilterAccess done
Event: 95.395 loading class java/lang/System$Logger$Level
Event: 95.396 loading class java/lang/System$Logger$Level done
Event: 95.397 loading class java/io/Bits
Event: 95.399 loading class java/io/Bits done


Dynamic libraries:
0x00007ff706b40000 - 0x00007ff706b4e000 	C:\Program Files\Microsoft\jdk-17.0.8.7-hotspot\bin\java.exe
0x00007ffc5b550000 - 0x00007ffc5b767000 	C:\WINDOWS\SYSTEM32\ntdll.dll
0x00007ffc59f00000 - 0x00007ffc59fc4000 	C:\WINDOWS\System32\KERNEL32.DLL
0x00007ffc58890000 - 0x00007ffc58c36000 	C:\WINDOWS\System32\KERNELBASE.dll
0x00007ffc58e70000 - 0x00007ffc58f81000 	C:\WINDOWS\System32\ucrtbase.dll
0x00007ffc47180000 - 0x00007ffc47197000 	C:\Program Files\Microsoft\jdk-17.0.8.7-hotspot\bin\jli.dll
0x00007ffc47160000 - 0x00007ffc4717b000 	C:\Program Files\Microsoft\jdk-17.0.8.7-hotspot\bin\VCRUNTIME140.dll
0x00007ffc597a0000 - 0x00007ffc5994e000 	C:\WINDOWS\System32\USER32.dll
0x00007ffc333a0000 - 0x00007ffc33633000 	C:\WINDOWS\WinSxS\amd64_microsoft.windows.common-controls_6595b64144ccf1df_6.0.22621.2506_none_270c5ae97388e100\COMCTL32.dll
0x00007ffc58ce0000 - 0x00007ffc58d06000 	C:\WINDOWS\System32\win32u.dll
0x00007ffc59630000 - 0x00007ffc59659000 	C:\WINDOWS\System32\GDI32.dll
0x00007ffc5b460000 - 0x00007ffc5b507000 	C:\WINDOWS\System32\msvcrt.dll
0x00007ffc58f90000 - 0x00007ffc590a8000 	C:\WINDOWS\System32\gdi32full.dll
0x00007ffc58c40000 - 0x00007ffc58cda000 	C:\WINDOWS\System32\msvcp_win.dll
0x00007ffc59660000 - 0x00007ffc59691000 	C:\WINDOWS\System32\IMM32.DLL
0x00007ffc52eb0000 - 0x00007ffc52ebc000 	C:\Program Files\Microsoft\jdk-17.0.8.7-hotspot\bin\vcruntime140_1.dll
0x00007ffc2aea0000 - 0x00007ffc2af2d000 	C:\Program Files\Microsoft\jdk-17.0.8.7-hotspot\bin\msvcp140.dll
0x00007ffc131a0000 - 0x00007ffc13e05000 	C:\Program Files\Microsoft\jdk-17.0.8.7-hotspot\bin\server\jvm.dll
0x00007ffc5a890000 - 0x00007ffc5a943000 	C:\WINDOWS\System32\ADVAPI32.dll
0x00007ffc5a7e0000 - 0x00007ffc5a888000 	C:\WINDOWS\System32\sechost.dll
0x00007ffc58d80000 - 0x00007ffc58da8000 	C:\WINDOWS\System32\bcrypt.dll
0x00007ffc5a640000 - 0x00007ffc5a757000 	C:\WINDOWS\System32\RPCRT4.dll
0x00007ffc576d0000 - 0x00007ffc5771d000 	C:\WINDOWS\SYSTEM32\POWRPROF.dll
0x00007ffc52300000 - 0x00007ffc5230a000 	C:\WINDOWS\SYSTEM32\VERSION.dll
0x00007ffc51fd0000 - 0x00007ffc52004000 	C:\WINDOWS\SYSTEM32\WINMM.dll
0x00007ffc36ab0000 - 0x00007ffc36ab9000 	C:\WINDOWS\SYSTEM32\WSOCK32.dll
0x00007ffc5a760000 - 0x00007ffc5a7d1000 	C:\WINDOWS\System32\ws2_32.DLL
0x00007ffc576b0000 - 0x00007ffc576c3000 	C:\WINDOWS\SYSTEM32\UMPDC.dll
0x00007ffc57970000 - 0x00007ffc57988000 	C:\WINDOWS\SYSTEM32\kernel.appcore.dll
0x00007ffc526b0000 - 0x00007ffc526ba000 	C:\Program Files\Microsoft\jdk-17.0.8.7-hotspot\bin\jimage.dll
0x00007ffc42770000 - 0x00007ffc429a3000 	C:\WINDOWS\SYSTEM32\DBGHELP.DLL
0x00007ffc592a0000 - 0x00007ffc59629000 	C:\WINDOWS\System32\combase.dll
0x00007ffc5b380000 - 0x00007ffc5b457000 	C:\WINDOWS\System32\OLEAUT32.dll
0x00007ffc41790000 - 0x00007ffc417c2000 	C:\WINDOWS\SYSTEM32\dbgcore.DLL
0x00007ffc59220000 - 0x00007ffc5929a000 	C:\WINDOWS\System32\bcryptPrimitives.dll
0x00007ffc39730000 - 0x00007ffc39755000 	C:\Program Files\Microsoft\jdk-17.0.8.7-hotspot\bin\java.dll
0x00007ffc17940000 - 0x00007ffc17a17000 	C:\Program Files\Microsoft\jdk-17.0.8.7-hotspot\bin\jsvml.dll
0x00007ffc5aa50000 - 0x00007ffc5b2aa000 	C:\WINDOWS\System32\SHELL32.dll
0x00007ffc567a0000 - 0x00007ffc57096000 	C:\WINDOWS\SYSTEM32\windows.storage.dll
0x00007ffc56660000 - 0x00007ffc5679e000 	C:\WINDOWS\SYSTEM32\wintypes.dll
0x00007ffc5a950000 - 0x00007ffc5aa43000 	C:\WINDOWS\System32\SHCORE.dll
0x00007ffc5a310000 - 0x00007ffc5a36e000 	C:\WINDOWS\System32\shlwapi.dll
0x00007ffc587c0000 - 0x00007ffc587e6000 	C:\WINDOWS\SYSTEM32\profapi.dll
0x00007ffc44640000 - 0x00007ffc44659000 	C:\Program Files\Microsoft\jdk-17.0.8.7-hotspot\bin\net.dll
0x00007ffc524e0000 - 0x00007ffc52617000 	C:\WINDOWS\SYSTEM32\WINHTTP.dll
0x00007ffc57df0000 - 0x00007ffc57e59000 	C:\WINDOWS\system32\mswsock.dll
0x00007ffc395a0000 - 0x00007ffc395b6000 	C:\Program Files\Microsoft\jdk-17.0.8.7-hotspot\bin\nio.dll
0x00007ffc30520000 - 0x00007ffc30538000 	C:\Program Files\Microsoft\jdk-17.0.8.7-hotspot\bin\zip.dll
0x00007ffc47150000 - 0x00007ffc47160000 	C:\Program Files\Microsoft\jdk-17.0.8.7-hotspot\bin\verify.dll
0x00007ffc2dc40000 - 0x00007ffc2dc67000 	C:\Users\Siraj\.gradle\native\68d5fa5c4cc2d200863cafc0d521ce42e7d3e7ee720ec0a83991735586a16f82\windows-amd64\native-platform.dll
0x00007ffc2af60000 - 0x00007ffc2af6a000 	C:\Users\Siraj\.gradle\native\jansi\1.18\windows64\jansi.dll
0x00007ffc39590000 - 0x00007ffc39599000 	C:\Program Files\Microsoft\jdk-17.0.8.7-hotspot\bin\management.dll
0x00007ffc39560000 - 0x00007ffc3956b000 	C:\Program Files\Microsoft\jdk-17.0.8.7-hotspot\bin\management_ext.dll
0x00007ffc59e80000 - 0x00007ffc59e88000 	C:\WINDOWS\System32\PSAPI.DLL
0x00007ffc58060000 - 0x00007ffc5807b000 	C:\WINDOWS\SYSTEM32\CRYPTSP.dll
0x00007ffc578d0000 - 0x00007ffc57905000 	C:\WINDOWS\system32\rsaenh.dll
0x00007ffc57ec0000 - 0x00007ffc57eec000 	C:\WINDOWS\SYSTEM32\USERENV.dll
0x00007ffc58080000 - 0x00007ffc5808c000 	C:\WINDOWS\SYSTEM32\CRYPTBASE.dll
0x00007ffc57370000 - 0x00007ffc5739d000 	C:\WINDOWS\SYSTEM32\IPHLPAPI.DLL
0x00007ffc59fd0000 - 0x00007ffc59fd9000 	C:\WINDOWS\System32\NSI.dll
0x00007ffc52330000 - 0x00007ffc52349000 	C:\WINDOWS\SYSTEM32\dhcpcsvc6.DLL
0x00007ffc52310000 - 0x00007ffc5232f000 	C:\WINDOWS\SYSTEM32\dhcpcsvc.DLL
0x00007ffc573e0000 - 0x00007ffc574d9000 	C:\WINDOWS\SYSTEM32\DNSAPI.dll
0x00007ffc36b60000 - 0x00007ffc36b6e000 	C:\Program Files\Microsoft\jdk-17.0.8.7-hotspot\bin\sunmscapi.dll
0x00007ffc590b0000 - 0x00007ffc59216000 	C:\WINDOWS\System32\CRYPT32.dll
0x00007ffc58240000 - 0x00007ffc5826e000 	C:\WINDOWS\SYSTEM32\ncrypt.dll
0x00007ffc58200000 - 0x00007ffc58237000 	C:\WINDOWS\SYSTEM32\NTASN1.dll
0x00007ffc53830000 - 0x00007ffc53838000 	C:\WINDOWS\system32\wshunix.dll

dbghelp: loaded successfully - version: 4.0.5 - missing functions: none
symbol engine: initialized successfully - sym options: 0x614 - pdb path: .;C:\Program Files\Microsoft\jdk-17.0.8.7-hotspot\bin;C:\WINDOWS\SYSTEM32;C:\WINDOWS\WinSxS\amd64_microsoft.windows.common-controls_6595b64144ccf1df_6.0.22621.2506_none_270c5ae97388e100;C:\Program Files\Microsoft\jdk-17.0.8.7-hotspot\bin\server;C:\Users\Siraj\.gradle\native\68d5fa5c4cc2d200863cafc0d521ce42e7d3e7ee720ec0a83991735586a16f82\windows-amd64;C:\Users\Siraj\.gradle\native\jansi\1.18\windows64

VM Arguments:
jvm_args: -Xmx64m -Xms64m -Dorg.gradle.appname=gradlew 
java_command: org.gradle.wrapper.GradleWrapperMain app:installDebug -PreactNativeDevServerPort=8081
java_class_path (initial): D:\Mobile Application Development\ComicApp\android\\gradle\wrapper\gradle-wrapper.jar
Launcher Type: SUN_STANDARD

[Global flags]
     intx CICompilerCount                          = 4                                         {product} {ergonomic}
     uint ConcGCThreads                            = 2                                         {product} {ergonomic}
     uint G1ConcRefinementThreads                  = 8                                         {product} {ergonomic}
   size_t G1HeapRegionSize                         = 1048576                                   {product} {ergonomic}
    uintx GCDrainStackTargetSize                   = 64                                        {product} {ergonomic}
   size_t InitialHeapSize                          = 67108864                                  {product} {command line}
   size_t MarkStackSize                            = 4194304                                   {product} {ergonomic}
   size_t MaxHeapSize                              = 67108864                                  {product} {command line}
   size_t MaxNewSize                               = 39845888                                  {product} {ergonomic}
   size_t MinHeapDeltaBytes                        = 1048576                                   {product} {ergonomic}
   size_t MinHeapSize                              = 67108864                                  {product} {command line}
    uintx NonNMethodCodeHeapSize                   = 5839372                                {pd product} {ergonomic}
    uintx NonProfiledCodeHeapSize                  = 122909434                              {pd product} {ergonomic}
    uintx ProfiledCodeHeapSize                     = 122909434                              {pd product} {ergonomic}
    uintx ReservedCodeCacheSize                    = 251658240                              {pd product} {ergonomic}
     bool SegmentedCodeCache                       = true                                      {product} {ergonomic}
   size_t SoftMaxHeapSize                          = 67108864                               {manageable} {ergonomic}
     bool UseCompressedClassPointers               = true                           {product lp64_product} {ergonomic}
     bool UseCompressedOops                        = true                           {product lp64_product} {ergonomic}
     bool UseG1GC                                  = true                                      {product} {ergonomic}
     bool UseLargePagesIndividualAllocation        = false                                  {pd product} {ergonomic}

Logging:
Log output configuration:
 #0: stdout all=warning uptime,level,tags
 #1: stderr all=off uptime,level,tags

Environment Variables:
JAVA_HOME=C:\Program Files\Microsoft\jdk-17.0.8.7-hotspot\
CLASSPATH=D:\Mobile Application Development\ComicApp\android\\gradle\wrapper\gradle-wrapper.jar
PATH=D:\Mobile Application Development\ComicApp\node_modules\.bin;D:\Mobile Application Development\ComicApp\node_modules\.bin;D:\Mobile Application Development\node_modules\.bin;D:\node_modules\.bin;C:\Users\Siraj\AppData\Roaming\npm\node_modules\npm\node_modules\@npmcli\run-script\lib\node-gyp-bin;C:\Program Files\Microsoft\jdk-17.0.8.7-hotspot\bin;C:\Program Files\Microsoft\jdk-11.0.20.8-hotspot\bin;C:\Program Files\Common Files\Oracle\Java\javapath;C:\Windows\system32;C:\Windows;C:\Windows\System32\Wbem;C:\Windows\System32\WindowsPowerShell\v1.0\;C:\Windows\System32\OpenSSH\;C:\Program Files (x86)\NVIDIA Corporation\PhysX\Common;C:\Program Files\PostgreSQL\10\bin;C:\Program Files\PostgreSQL\10\lib;C:\WINDOWS\system32;C:\WINDOWS;C:\WINDOWS\System32\Wbem;C:\WINDOWS\System32\WindowsPowerShell\v1.0\;C:\WINDOWS\System32\OpenSSH\;C:\Program Files\Microsoft SQL Server\Client SDK\ODBC\170\Tools\Binn\;C:\Program Files (x86)\Microsoft SQL Server\150\Tools\Binn\;C:\Program Files\Microsoft SQL Server\150\Tools\Binn\;C:\Program Files\Microsoft SQL Server\150\DTS\Binn\;C:\Program Files (x86)\Microsoft SQL Server\150\DTS\Binn\;C:\Program Files\Azure Data Studio\bin;C:\Program Files\Java\jdk-18.0.2.1\bin;C:\Program Files (x86)\Yarn\bin\;C:\Program Files\Git\cmd;C:\Program Files\Git\mingw64\bin;C:\Program Files\Git\usr\bin;C:\ProgramData\chocolatey\bin;C:\Program Files\nodejs\;C:\Users\Siraj\AppData\Local\Android\Sdk\platform-tools;C:\Users\Siraj\AppData\Local\Android\Sdk\tools;C:\Users\Siraj\AppData\Local\Programs\Python\Python311\Scripts\;C:\Users\Siraj\AppData\Local\Programs\Python\Python311\;C:\Users\Siraj\AppData\Local\Microsoft\WindowsApps;C:\Program Files\JetBrains\PyCharm Community Edition 2021.1.3\bin;;C:\Program Files\Azure Data Studio\bin;C:\Users\Siraj\AppData\Local\Programs\Microsoft VS Code\bin;C:\MinGW\bin;C:\Users\Siraj\AppData\Local\Yarn\bin;C:\Users\Siraj\AppData\Roaming\npm
USERNAME=Siraj
OS=Windows_NT
PROCESSOR_IDENTIFIER=Intel64 Family 6 Model 142 Stepping 10, GenuineIntel
TMP=C:\Users\Siraj\AppData\Local\Temp
TEMP=C:\Users\Siraj\AppData\Local\Temp



---------------  S Y S T E M  ---------------

OS:
 Windows 11 , 64 bit Build 22621 (10.0.22621.2506)
OS uptime: 3 days 4:26 hours
Hyper-V role detected

CPU: total 8 (initial active 8) (4 cores per cpu, 2 threads per core) family 6 model 142 stepping 10 microcode 0xe0, cx8, cmov, fxsr, ht, mmx, 3dnowpref, sse, sse2, sse3, ssse3, sse4.1, sse4.2, popcnt, lzcnt, tsc, tscinvbit, avx, avx2, aes, erms, clmul, bmi1, bmi2, adx, fma, vzeroupper, clflush, clflushopt, hv
Processor Information for all 8 processors :
  Max Mhz: 1801, Current Mhz: 1801, Mhz Limit: 1801

Memory: 4k page, system-wide physical 3962M (27M free)
TotalPageFile size 16250M (AvailPageFile size 4M)
current process WorkingSet (physical memory assigned to process): 41M, peak: 86M
current process commit charge ("private bytes"): 180M, peak: 182M

vm_info: OpenJDK 64-Bit Server VM (17.0.8+7-LTS) for windows-amd64 JRE (17.0.8+7-LTS), built on Jul  7 2023 17:21:55 by "MicrosoftCorporation" with MS VC++ 16.10 / 16.11 (VS2019)

END.
