#
# There is insufficient memory for the Java Runtime Environment to continue.
# Native memory allocation (malloc) failed to allocate 714336 bytes for Chunk::new
# Possible reasons:
#   The system is out of physical RAM or swap space
#   The process is running with CompressedOops enabled, and the Java Heap may be blocking the growth of the native heap
# Possible solutions:
#   Reduce memory load on the system
#   Increase physical memory or swap space
#   Check if swap backing store is full
#   Decrease Java heap size (-Xmx/-Xms)
#   Decrease number of Java threads
#   Decrease Java thread stack sizes (-Xss)
#   Set larger code cache with -XX:ReservedCodeCacheSize=
#   JVM is running with Unscaled Compressed Oops mode in which the Java heap is
#     placed in the first 4GB address space. The Java Heap base address is the
#     maximum limit for the native heap growth. Please use -XX:HeapBaseMinAddress
#     to set the Java Heap base and to place the Java Heap above 4GB virtual address.
# This output file may be truncated or incomplete.
#
#  Out of Memory Error (arena.cpp:189), pid=20612, tid=15132
#
# JRE version: OpenJDK Runtime Environment Microsoft-8035246 (17.0.8+7) (build 17.0.8+7-LTS)
# Java VM: OpenJDK 64-Bit Server VM Microsoft-8035246 (17.0.8+7-LTS, mixed mode, sharing, tiered, compressed oops, compressed class ptrs, g1 gc, windows-amd64)
# No core dump will be written. Minidumps are not enabled by default on client versions of Windows
#

---------------  S U M M A R Y ------------

Command Line: org.jetbrains.kotlin.cli.jvm.K2JVMCompiler @D:\Mobile Application Development\ComicApp\node_modules\react-native-gesture-handler\android\build\20240123_642470512915428548.compiler.options

Host: Intel(R) Core(TM) i5-8250U CPU @ 1.60GHz, 8 cores, 3G,  Windows 11 , 64 bit Build 22621 (10.0.22621.2506)
Time: Tue Jan 23 14:42:49 2024 India Standard Time elapsed time: 126.643947 seconds (0d 0h 2m 6s)

---------------  T H R E A D  ---------------

Current thread (0x000001f83caa6300):  JavaThread "C2 CompilerThread0" daemon [_thread_in_native, id=15132, stack(0x000000e505200000,0x000000e505300000)]


Current CompileTask:
C2: 126644 14350       4       org.jetbrains.kotlin.resolve.OverridingUtil::resolveUnknownVisibilityForMember (248 bytes)

Stack: [0x000000e505200000,0x000000e505300000]
Native frames: (J=compiled Java code, j=interpreted, Vv=VM code, C=native code)
V  [jvm.dll+0x67bf3a]
V  [jvm.dll+0x83a024]
V  [jvm.dll+0x83b7ce]
V  [jvm.dll+0x83be33]
V  [jvm.dll+0x24785f]
V  [jvm.dll+0xac3bc]
V  [jvm.dll+0xac98c]
V  [jvm.dll+0x2af19f]
V  [jvm.dll+0x584667]
V  [jvm.dll+0x222a82]
V  [jvm.dll+0x21bb2b]
V  [jvm.dll+0x21944b]
V  [jvm.dll+0x1a56b6]
V  [jvm.dll+0x2291ea]
V  [jvm.dll+0x22724c]
V  [jvm.dll+0x7efd0c]
V  [jvm.dll+0x7ea13a]
V  [jvm.dll+0x67ad85]
C  [ucrtbase.dll+0x29363]
C  [KERNEL32.DLL+0x1257d]
C  [ntdll.dll+0x5aa58]


---------------  P R O C E S S  ---------------

Threads class SMR info:
_java_thread_list=0x000001f87f91b7f0, length=13, elements={
0x000001f820da1cf0, 0x000001f83ca816a0, 0x000001f83ca82520, 0x000001f83ca964c0,
0x000001f83ca97080, 0x000001f83ca99b50, 0x000001f83caa4740, 0x000001f83caa6300,
0x000001f83cab0960, 0x000001f83caef080, 0x000001f87e0b2cb0, 0x000001f87e0b59f0,
0x000001f804bb5ac0
}

Java Threads: ( => current thread )
  0x000001f820da1cf0 JavaThread "main" [_thread_in_Java, id=11812, stack(0x000000e504500000,0x000000e504600000)]
  0x000001f83ca816a0 JavaThread "Reference Handler" daemon [_thread_blocked, id=20380, stack(0x000000e504c00000,0x000000e504d00000)]
  0x000001f83ca82520 JavaThread "Finalizer" daemon [_thread_blocked, id=18624, stack(0x000000e504d00000,0x000000e504e00000)]
  0x000001f83ca964c0 JavaThread "Signal Dispatcher" daemon [_thread_blocked, id=9296, stack(0x000000e504e00000,0x000000e504f00000)]
  0x000001f83ca97080 JavaThread "Attach Listener" daemon [_thread_blocked, id=17236, stack(0x000000e504f00000,0x000000e505000000)]
  0x000001f83ca99b50 JavaThread "Service Thread" daemon [_thread_blocked, id=30804, stack(0x000000e505000000,0x000000e505100000)]
  0x000001f83caa4740 JavaThread "Monitor Deflation Thread" daemon [_thread_blocked, id=27184, stack(0x000000e505100000,0x000000e505200000)]
=>0x000001f83caa6300 JavaThread "C2 CompilerThread0" daemon [_thread_in_native, id=15132, stack(0x000000e505200000,0x000000e505300000)]
  0x000001f83cab0960 JavaThread "C1 CompilerThread0" daemon [_thread_blocked, id=3448, stack(0x000000e505300000,0x000000e505400000)]
  0x000001f83caef080 JavaThread "Sweeper thread" daemon [_thread_in_vm, id=13296, stack(0x000000e505400000,0x000000e505500000)]
  0x000001f87e0b2cb0 JavaThread "Notification Thread" daemon [_thread_blocked, id=20628, stack(0x000000e505500000,0x000000e505600000)]
  0x000001f87e0b59f0 JavaThread "Common-Cleaner" daemon [_thread_blocked, id=26940, stack(0x000000e505700000,0x000000e505800000)]
  0x000001f804bb5ac0 JavaThread "C2 CompilerThread1" daemon [_thread_new, id=7308, stack(0x0000000000000000,0x0000000000000000)]

Other Threads:
  0x000001f83ca7c680 VMThread "VM Thread" [stack: 0x000000e504b00000,0x000000e504c00000] [id=16248]
  0x000001f87e0b3190 WatcherThread [stack: 0x000000e505600000,0x000000e505700000] [id=8024]
  0x000001f820ddc970 GCTaskThread "GC Thread#0" [stack: 0x000000e504600000,0x000000e504700000] [id=12608]
  0x000001f87e5998d0 GCTaskThread "GC Thread#1" [stack: 0x000000e505800000,0x000000e505900000] [id=18460]
  0x000001f87e579b80 GCTaskThread "GC Thread#2" [stack: 0x000000e505900000,0x000000e505a00000] [id=31528]
  0x000001f87e579e40 GCTaskThread "GC Thread#3" [stack: 0x000000e505a00000,0x000000e505b00000] [id=12104]
  0x000001f87e57b120 GCTaskThread "GC Thread#4" [stack: 0x000000e505b00000,0x000000e505c00000] [id=29364]
  0x000001f87e57d800 GCTaskThread "GC Thread#5" [stack: 0x000000e505c00000,0x000000e505d00000] [id=32500]
  0x000001f87e7d9ac0 GCTaskThread "GC Thread#6" [stack: 0x000000e505d00000,0x000000e505e00000] [id=7152]
  0x000001f87e7ad890 GCTaskThread "GC Thread#7" [stack: 0x000000e505e00000,0x000000e505f00000] [id=30532]
  0x000001f820de54c0 ConcurrentGCThread "G1 Main Marker" [stack: 0x000000e504700000,0x000000e504800000] [id=21824]
  0x000001f820de5ed0 ConcurrentGCThread "G1 Conc#0" [stack: 0x000000e504800000,0x000000e504900000] [id=20648]
  0x000001f87ec8fa80 ConcurrentGCThread "G1 Conc#1" [stack: 0x000000e505f00000,0x000000e506000000] [id=21604]
  0x000001f820e372a0 ConcurrentGCThread "G1 Refine#0" [stack: 0x000000e504900000,0x000000e504a00000] [id=15740]
  0x000001f87f700fb0 ConcurrentGCThread "G1 Refine#1" [stack: 0x000000e506000000,0x000000e506100000] [id=28688]
  0x000001f80561c690 ConcurrentGCThread "G1 Refine#2" [stack: 0x000000e504300000,0x000000e504400000] [id=14512]
  0x000001f820e37cd0 ConcurrentGCThread "G1 Service" [stack: 0x000000e504a00000,0x000000e504b00000] [id=31764]

Threads with active compile tasks:
C2 CompilerThread0   126803 14350       4       org.jetbrains.kotlin.resolve.OverridingUtil::resolveUnknownVisibilityForMember (248 bytes)

VM state: not at safepoint (normal execution)

VM Mutex/Monitor currently owned by a thread:  ([mutex/lock_event])
[0x000001f820d9c6f0] CompiledIC_lock - owner thread: 0x0000000000000000

Heap address: 0x00000000c2000000, size: 992 MB, Compressed Oops mode: 32-bit

CDS archive(s) mapped at: [0x000001f83d000000-0x000001f83dbd0000-0x000001f83dbd0000), size 12386304, SharedBaseAddress: 0x000001f83d000000, ArchiveRelocationMode: 1.
Compressed class space mapped at: 0x000001f83e000000-0x000001f87e000000, reserved size: 1073741824
Narrow klass base: 0x000001f83d000000, Narrow klass shift: 0, Narrow klass range: 0x100000000

GC Precious Log:
 CPUs: 8 total, 8 available
 Memory: 3962M
 Large Page Support: Disabled
 NUMA Support: Disabled
 Compressed Oops: Enabled (32-bit)
 Heap Region Size: 1M
 Heap Min Capacity: 8M
 Heap Initial Capacity: 62M
 Heap Max Capacity: 992M
 Pre-touch: Disabled
 Parallel Workers: 8
 Concurrent Workers: 2
 Concurrent Refinement Workers: 8
 Periodic GC: Disabled

Heap:
 garbage-first heap   total 278528K, used 90683K [0x00000000c2000000, 0x0000000100000000)
  region size 1024K, 8 young (8192K), 1 survivors (1024K)
 Metaspace       used 61606K, committed 61952K, reserved 1114112K
  class space    used 6979K, committed 7168K, reserved 1048576K

Heap Regions: E=young(eden), S=young(survivor), O=old, HS=humongous(starts), HC=humongous(continues), CS=collection set, F=free, OA=open archive, CA=closed archive, TAMS=top-at-mark-start (previous, next)
|   0|0x00000000c2000000, 0x00000000c2100000, 0x00000000c2100000|100%|HS|  |TAMS 0x00000000c2100000, 0x00000000c2000000| Complete 
|   1|0x00000000c2100000, 0x00000000c2200000, 0x00000000c2200000|100%|HC|  |TAMS 0x00000000c2200000, 0x00000000c2100000| Complete 
|   2|0x00000000c2200000, 0x00000000c2300000, 0x00000000c2300000|100%|HC|  |TAMS 0x00000000c2300000, 0x00000000c2200000| Complete 
|   3|0x00000000c2300000, 0x00000000c2400000, 0x00000000c2400000|100%|HC|  |TAMS 0x00000000c2400000, 0x00000000c2300000| Complete 
|   4|0x00000000c2400000, 0x00000000c2500000, 0x00000000c2500000|100%| O|  |TAMS 0x00000000c2500000, 0x00000000c2400000| Untracked 
|   5|0x00000000c2500000, 0x00000000c2600000, 0x00000000c2600000|100%| O|  |TAMS 0x00000000c2600000, 0x00000000c2500000| Untracked 
|   6|0x00000000c2600000, 0x00000000c2700000, 0x00000000c2700000|100%| O|  |TAMS 0x00000000c2700000, 0x00000000c2600000| Untracked 
|   7|0x00000000c2700000, 0x00000000c2800000, 0x00000000c2800000|100%|HS|  |TAMS 0x00000000c2800000, 0x00000000c2700000| Complete 
|   8|0x00000000c2800000, 0x00000000c2900000, 0x00000000c2900000|100%|HC|  |TAMS 0x00000000c2900000, 0x00000000c2800000| Complete 
|   9|0x00000000c2900000, 0x00000000c2a00000, 0x00000000c2a00000|100%|HC|  |TAMS 0x00000000c2a00000, 0x00000000c2900000| Complete 
|  10|0x00000000c2a00000, 0x00000000c2b00000, 0x00000000c2b00000|100%|HC|  |TAMS 0x00000000c2b00000, 0x00000000c2a00000| Complete 
|  11|0x00000000c2b00000, 0x00000000c2c00000, 0x00000000c2c00000|100%| O|  |TAMS 0x00000000c2c00000, 0x00000000c2b00000| Untracked 
|  12|0x00000000c2c00000, 0x00000000c2d00000, 0x00000000c2d00000|100%| O|  |TAMS 0x00000000c2d00000, 0x00000000c2c00000| Untracked 
|  13|0x00000000c2d00000, 0x00000000c2e00000, 0x00000000c2e00000|100%| O|  |TAMS 0x00000000c2e00000, 0x00000000c2d00000| Untracked 
|  14|0x00000000c2e00000, 0x00000000c2f00000, 0x00000000c2f00000|100%| O|  |TAMS 0x00000000c2f00000, 0x00000000c2e00000| Untracked 
|  15|0x00000000c2f00000, 0x00000000c3000000, 0x00000000c3000000|100%| O|  |TAMS 0x00000000c3000000, 0x00000000c2f00000| Untracked 
|  16|0x00000000c3000000, 0x00000000c3100000, 0x00000000c3100000|100%| O|  |TAMS 0x00000000c3100000, 0x00000000c3000000| Untracked 
|  17|0x00000000c3100000, 0x00000000c3200000, 0x00000000c3200000|100%| O|  |TAMS 0x00000000c3200000, 0x00000000c3100000| Untracked 
|  18|0x00000000c3200000, 0x00000000c3300000, 0x00000000c3300000|100%| O|  |TAMS 0x00000000c3300000, 0x00000000c3200000| Untracked 
|  19|0x00000000c3300000, 0x00000000c3400000, 0x00000000c3400000|100%| O|  |TAMS 0x00000000c3400000, 0x00000000c3300000| Untracked 
|  20|0x00000000c3400000, 0x00000000c3500000, 0x00000000c3500000|100%| O|  |TAMS 0x00000000c3500000, 0x00000000c3400000| Untracked 
|  21|0x00000000c3500000, 0x00000000c3600000, 0x00000000c3600000|100%| O|  |TAMS 0x00000000c3600000, 0x00000000c3500000| Untracked 
|  22|0x00000000c3600000, 0x00000000c3700000, 0x00000000c3700000|100%| O|  |TAMS 0x00000000c3700000, 0x00000000c3600000| Untracked 
|  23|0x00000000c3700000, 0x00000000c3800000, 0x00000000c3800000|100%| O|  |TAMS 0x00000000c3800000, 0x00000000c3700000| Untracked 
|  24|0x00000000c3800000, 0x00000000c3900000, 0x00000000c3900000|100%| O|  |TAMS 0x00000000c3900000, 0x00000000c3800000| Untracked 
|  25|0x00000000c3900000, 0x00000000c3a00000, 0x00000000c3a00000|100%| O|  |TAMS 0x00000000c3a00000, 0x00000000c3900000| Untracked 
|  26|0x00000000c3a00000, 0x00000000c3b00000, 0x00000000c3b00000|100%| O|  |TAMS 0x00000000c3b00000, 0x00000000c3a00000| Untracked 
|  27|0x00000000c3b00000, 0x00000000c3c00000, 0x00000000c3c00000|100%| O|  |TAMS 0x00000000c3c00000, 0x00000000c3b00000| Untracked 
|  28|0x00000000c3c00000, 0x00000000c3d00000, 0x00000000c3d00000|100%|HS|  |TAMS 0x00000000c3d00000, 0x00000000c3c00000| Complete 
|  29|0x00000000c3d00000, 0x00000000c3e00000, 0x00000000c3e00000|100%|HC|  |TAMS 0x00000000c3e00000, 0x00000000c3d00000| Complete 
|  30|0x00000000c3e00000, 0x00000000c3f00000, 0x00000000c3f00000|100%| O|  |TAMS 0x00000000c3f00000, 0x00000000c3e00000| Untracked 
|  31|0x00000000c3f00000, 0x00000000c4000000, 0x00000000c4000000|100%| O|  |TAMS 0x00000000c4000000, 0x00000000c3f00000| Untracked 
|  32|0x00000000c4000000, 0x00000000c4100000, 0x00000000c4100000|100%| O|  |TAMS 0x00000000c4100000, 0x00000000c4000000| Untracked 
|  33|0x00000000c4100000, 0x00000000c4200000, 0x00000000c4200000|100%| O|  |TAMS 0x00000000c4200000, 0x00000000c4100000| Untracked 
|  34|0x00000000c4200000, 0x00000000c4300000, 0x00000000c4300000|100%| O|  |TAMS 0x00000000c4300000, 0x00000000c4200000| Untracked 
|  35|0x00000000c4300000, 0x00000000c4400000, 0x00000000c4400000|100%| O|  |TAMS 0x00000000c4400000, 0x00000000c4300000| Untracked 
|  36|0x00000000c4400000, 0x00000000c4500000, 0x00000000c4500000|100%| O|  |TAMS 0x00000000c4400000, 0x00000000c4400000| Untracked 
|  37|0x00000000c4500000, 0x00000000c4600000, 0x00000000c4600000|100%| O|  |TAMS 0x00000000c4600000, 0x00000000c4500000| Untracked 
|  38|0x00000000c4600000, 0x00000000c4700000, 0x00000000c4700000|100%| O|  |TAMS 0x00000000c4700000, 0x00000000c4600000| Untracked 
|  39|0x00000000c4700000, 0x00000000c4800000, 0x00000000c4800000|100%| O|  |TAMS 0x00000000c4700000, 0x00000000c4700000| Untracked 
|  40|0x00000000c4800000, 0x00000000c4900000, 0x00000000c4900000|100%| O|  |TAMS 0x00000000c4900000, 0x00000000c4800000| Untracked 
|  41|0x00000000c4900000, 0x00000000c4a00000, 0x00000000c4a00000|100%| O|  |TAMS 0x00000000c4a00000, 0x00000000c4900000| Untracked 
|  42|0x00000000c4a00000, 0x00000000c4b00000, 0x00000000c4b00000|100%| O|  |TAMS 0x00000000c4b00000, 0x00000000c4a00000| Untracked 
|  43|0x00000000c4b00000, 0x00000000c4c00000, 0x00000000c4c00000|100%| O|  |TAMS 0x00000000c4c00000, 0x00000000c4b00000| Untracked 
|  44|0x00000000c4c00000, 0x00000000c4d00000, 0x00000000c4d00000|100%| O|  |TAMS 0x00000000c4d00000, 0x00000000c4c00000| Untracked 
|  45|0x00000000c4d00000, 0x00000000c4e00000, 0x00000000c4e00000|100%| O|  |TAMS 0x00000000c4e00000, 0x00000000c4d00000| Untracked 
|  46|0x00000000c4e00000, 0x00000000c4f00000, 0x00000000c4f00000|100%| O|  |TAMS 0x00000000c4f00000, 0x00000000c4e00000| Untracked 
|  47|0x00000000c4f00000, 0x00000000c5000000, 0x00000000c5000000|100%| O|  |TAMS 0x00000000c5000000, 0x00000000c4f00000| Untracked 
|  48|0x00000000c5000000, 0x00000000c5100000, 0x00000000c5100000|100%| O|  |TAMS 0x00000000c5100000, 0x00000000c5000000| Untracked 
|  49|0x00000000c5100000, 0x00000000c5200000, 0x00000000c5200000|100%| O|  |TAMS 0x00000000c5200000, 0x00000000c5100000| Untracked 
|  50|0x00000000c5200000, 0x00000000c5300000, 0x00000000c5300000|100%| O|  |TAMS 0x00000000c5300000, 0x00000000c5200000| Untracked 
|  51|0x00000000c5300000, 0x00000000c5400000, 0x00000000c5400000|100%| O|  |TAMS 0x00000000c5400000, 0x00000000c5300000| Untracked 
|  52|0x00000000c5400000, 0x00000000c5500000, 0x00000000c5500000|100%| O|  |TAMS 0x00000000c5500000, 0x00000000c5400000| Untracked 
|  53|0x00000000c5500000, 0x00000000c5600000, 0x00000000c5600000|100%| O|  |TAMS 0x00000000c5600000, 0x00000000c5500000| Untracked 
|  54|0x00000000c5600000, 0x00000000c5700000, 0x00000000c5700000|100%| O|  |TAMS 0x00000000c5700000, 0x00000000c5600000| Untracked 
|  55|0x00000000c5700000, 0x00000000c5800000, 0x00000000c5800000|100%| O|  |TAMS 0x00000000c5800000, 0x00000000c5700000| Untracked 
|  56|0x00000000c5800000, 0x00000000c5900000, 0x00000000c5900000|100%| O|  |TAMS 0x00000000c5900000, 0x00000000c5800000| Untracked 
|  57|0x00000000c5900000, 0x00000000c5a00000, 0x00000000c5a00000|100%| O|  |TAMS 0x00000000c5a00000, 0x00000000c5900000| Untracked 
|  58|0x00000000c5a00000, 0x00000000c5b00000, 0x00000000c5b00000|100%| O|  |TAMS 0x00000000c5b00000, 0x00000000c5a00000| Untracked 
|  59|0x00000000c5b00000, 0x00000000c5c00000, 0x00000000c5c00000|100%| O|  |TAMS 0x00000000c5b00000, 0x00000000c5b00000| Untracked 
|  60|0x00000000c5c00000, 0x00000000c5d00000, 0x00000000c5d00000|100%| O|  |TAMS 0x00000000c5c00000, 0x00000000c5c00000| Untracked 
|  61|0x00000000c5d00000, 0x00000000c5e00000, 0x00000000c5e00000|100%| O|  |TAMS 0x00000000c5d00000, 0x00000000c5d00000| Untracked 
|  62|0x00000000c5e00000, 0x00000000c5f00000, 0x00000000c5f00000|100%|HS|  |TAMS 0x00000000c5e00000, 0x00000000c5e00000| Complete 
|  63|0x00000000c5f00000, 0x00000000c6000000, 0x00000000c6000000|100%|HC|  |TAMS 0x00000000c5f00000, 0x00000000c5f00000| Complete 
|  64|0x00000000c6000000, 0x00000000c6100000, 0x00000000c6100000|100%| O|  |TAMS 0x00000000c6000000, 0x00000000c6000000| Untracked 
|  65|0x00000000c6100000, 0x00000000c6200000, 0x00000000c6200000|100%| O|  |TAMS 0x00000000c6100000, 0x00000000c6100000| Untracked 
|  66|0x00000000c6200000, 0x00000000c6300000, 0x00000000c6300000|100%| O|  |TAMS 0x00000000c6200000, 0x00000000c6200000| Untracked 
|  67|0x00000000c6300000, 0x00000000c6400000, 0x00000000c6400000|100%| O|  |TAMS 0x00000000c6300000, 0x00000000c6300000| Untracked 
|  68|0x00000000c6400000, 0x00000000c6500000, 0x00000000c6500000|100%| O|  |TAMS 0x00000000c6400000, 0x00000000c6400000| Untracked 
|  69|0x00000000c6500000, 0x00000000c6600000, 0x00000000c6600000|100%| O|  |TAMS 0x00000000c6500000, 0x00000000c6500000| Untracked 
|  70|0x00000000c6600000, 0x00000000c6700000, 0x00000000c6700000|100%| O|  |TAMS 0x00000000c6600000, 0x00000000c6600000| Untracked 
|  71|0x00000000c6700000, 0x00000000c6800000, 0x00000000c6800000|100%| O|  |TAMS 0x00000000c6700000, 0x00000000c6700000| Untracked 
|  72|0x00000000c6800000, 0x00000000c6900000, 0x00000000c6900000|100%| O|  |TAMS 0x00000000c6800000, 0x00000000c6800000| Untracked 
|  73|0x00000000c6900000, 0x00000000c6a00000, 0x00000000c6a00000|100%| O|  |TAMS 0x00000000c6900000, 0x00000000c6900000| Untracked 
|  74|0x00000000c6a00000, 0x00000000c6b00000, 0x00000000c6b00000|100%| O|  |TAMS 0x00000000c6a00000, 0x00000000c6a00000| Untracked 
|  75|0x00000000c6b00000, 0x00000000c6c00000, 0x00000000c6c00000|100%| O|  |TAMS 0x00000000c6b00000, 0x00000000c6b00000| Untracked 
|  76|0x00000000c6c00000, 0x00000000c6d00000, 0x00000000c6d00000|100%| O|  |TAMS 0x00000000c6c00000, 0x00000000c6c00000| Untracked 
|  77|0x00000000c6d00000, 0x00000000c6e00000, 0x00000000c6e00000|100%| O|  |TAMS 0x00000000c6d00000, 0x00000000c6d00000| Untracked 
|  78|0x00000000c6e00000, 0x00000000c6f00000, 0x00000000c6f00000|100%| O|  |TAMS 0x00000000c6e00000, 0x00000000c6e00000| Untracked 
|  79|0x00000000c6f00000, 0x00000000c7000000, 0x00000000c7000000|100%| O|  |TAMS 0x00000000c6f00000, 0x00000000c6f00000| Untracked 
|  80|0x00000000c7000000, 0x00000000c7100000, 0x00000000c7100000|100%| O|  |TAMS 0x00000000c7000000, 0x00000000c7000000| Untracked 
|  81|0x00000000c7100000, 0x00000000c71cc800, 0x00000000c7200000| 79%| O|  |TAMS 0x00000000c7100000, 0x00000000c7100000| Untracked 
|  82|0x00000000c7200000, 0x00000000c7200000, 0x00000000c7300000|  0%| F|  |TAMS 0x00000000c7200000, 0x00000000c7200000| Untracked 
|  83|0x00000000c7300000, 0x00000000c7300000, 0x00000000c7400000|  0%| F|  |TAMS 0x00000000c7300000, 0x00000000c7300000| Untracked 
|  84|0x00000000c7400000, 0x00000000c7400000, 0x00000000c7500000|  0%| F|  |TAMS 0x00000000c7400000, 0x00000000c7400000| Untracked 
|  85|0x00000000c7500000, 0x00000000c7500000, 0x00000000c7600000|  0%| F|  |TAMS 0x00000000c7500000, 0x00000000c7500000| Untracked 
|  86|0x00000000c7600000, 0x00000000c7600000, 0x00000000c7700000|  0%| F|  |TAMS 0x00000000c7600000, 0x00000000c7600000| Untracked 
|  87|0x00000000c7700000, 0x00000000c7700000, 0x00000000c7800000|  0%| F|  |TAMS 0x00000000c7700000, 0x00000000c7700000| Untracked 
|  88|0x00000000c7800000, 0x00000000c7800000, 0x00000000c7900000|  0%| F|  |TAMS 0x00000000c7800000, 0x00000000c7800000| Untracked 
|  89|0x00000000c7900000, 0x00000000c7900000, 0x00000000c7a00000|  0%| F|  |TAMS 0x00000000c7900000, 0x00000000c7900000| Untracked 
|  90|0x00000000c7a00000, 0x00000000c7a00000, 0x00000000c7b00000|  0%| F|  |TAMS 0x00000000c7a00000, 0x00000000c7a00000| Untracked 
|  91|0x00000000c7b00000, 0x00000000c7b00000, 0x00000000c7c00000|  0%| F|  |TAMS 0x00000000c7b00000, 0x00000000c7b00000| Untracked 
|  92|0x00000000c7c00000, 0x00000000c7c00000, 0x00000000c7d00000|  0%| F|  |TAMS 0x00000000c7c00000, 0x00000000c7c00000| Untracked 
|  93|0x00000000c7d00000, 0x00000000c7d00000, 0x00000000c7e00000|  0%| F|  |TAMS 0x00000000c7d00000, 0x00000000c7d00000| Untracked 
|  94|0x00000000c7e00000, 0x00000000c7e00000, 0x00000000c7f00000|  0%| F|  |TAMS 0x00000000c7e00000, 0x00000000c7e00000| Untracked 
|  95|0x00000000c7f00000, 0x00000000c7f00000, 0x00000000c8000000|  0%| F|  |TAMS 0x00000000c7f00000, 0x00000000c7f00000| Untracked 
|  96|0x00000000c8000000, 0x00000000c8000000, 0x00000000c8100000|  0%| F|  |TAMS 0x00000000c8000000, 0x00000000c8000000| Untracked 
|  97|0x00000000c8100000, 0x00000000c8100000, 0x00000000c8200000|  0%| F|  |TAMS 0x00000000c8100000, 0x00000000c8100000| Untracked 
|  98|0x00000000c8200000, 0x00000000c8200000, 0x00000000c8300000|  0%| F|  |TAMS 0x00000000c8200000, 0x00000000c8200000| Untracked 
|  99|0x00000000c8300000, 0x00000000c8300000, 0x00000000c8400000|  0%| F|  |TAMS 0x00000000c8300000, 0x00000000c8300000| Untracked 
| 100|0x00000000c8400000, 0x00000000c8400000, 0x00000000c8500000|  0%| F|  |TAMS 0x00000000c8400000, 0x00000000c8400000| Untracked 
| 101|0x00000000c8500000, 0x00000000c8500000, 0x00000000c8600000|  0%| F|  |TAMS 0x00000000c8500000, 0x00000000c8500000| Untracked 
| 102|0x00000000c8600000, 0x00000000c8600000, 0x00000000c8700000|  0%| F|  |TAMS 0x00000000c8600000, 0x00000000c8600000| Untracked 
| 103|0x00000000c8700000, 0x00000000c8700000, 0x00000000c8800000|  0%| F|  |TAMS 0x00000000c8700000, 0x00000000c8700000| Untracked 
| 104|0x00000000c8800000, 0x00000000c8800000, 0x00000000c8900000|  0%| F|  |TAMS 0x00000000c8800000, 0x00000000c8800000| Untracked 
| 105|0x00000000c8900000, 0x00000000c8900000, 0x00000000c8a00000|  0%| F|  |TAMS 0x00000000c8900000, 0x00000000c8900000| Untracked 
| 106|0x00000000c8a00000, 0x00000000c8a00000, 0x00000000c8b00000|  0%| F|  |TAMS 0x00000000c8a00000, 0x00000000c8a00000| Untracked 
| 107|0x00000000c8b00000, 0x00000000c8b00000, 0x00000000c8c00000|  0%| F|  |TAMS 0x00000000c8b00000, 0x00000000c8b00000| Untracked 
| 108|0x00000000c8c00000, 0x00000000c8c00000, 0x00000000c8d00000|  0%| F|  |TAMS 0x00000000c8c00000, 0x00000000c8c00000| Untracked 
| 109|0x00000000c8d00000, 0x00000000c8d00000, 0x00000000c8e00000|  0%| F|  |TAMS 0x00000000c8d00000, 0x00000000c8d00000| Untracked 
| 110|0x00000000c8e00000, 0x00000000c8e00000, 0x00000000c8f00000|  0%| F|  |TAMS 0x00000000c8e00000, 0x00000000c8e00000| Untracked 
| 111|0x00000000c8f00000, 0x00000000c8f00000, 0x00000000c9000000|  0%| F|  |TAMS 0x00000000c8f00000, 0x00000000c8f00000| Untracked 
| 112|0x00000000c9000000, 0x00000000c9000000, 0x00000000c9100000|  0%| F|  |TAMS 0x00000000c9000000, 0x00000000c9000000| Untracked 
| 113|0x00000000c9100000, 0x00000000c9100000, 0x00000000c9200000|  0%| F|  |TAMS 0x00000000c9100000, 0x00000000c9100000| Untracked 
| 114|0x00000000c9200000, 0x00000000c9200000, 0x00000000c9300000|  0%| F|  |TAMS 0x00000000c9200000, 0x00000000c9200000| Untracked 
| 115|0x00000000c9300000, 0x00000000c9300000, 0x00000000c9400000|  0%| F|  |TAMS 0x00000000c9300000, 0x00000000c9300000| Untracked 
| 116|0x00000000c9400000, 0x00000000c9400000, 0x00000000c9500000|  0%| F|  |TAMS 0x00000000c9400000, 0x00000000c9400000| Untracked 
| 117|0x00000000c9500000, 0x00000000c9500000, 0x00000000c9600000|  0%| F|  |TAMS 0x00000000c9500000, 0x00000000c9500000| Untracked 
| 118|0x00000000c9600000, 0x00000000c9600000, 0x00000000c9700000|  0%| F|  |TAMS 0x00000000c9600000, 0x00000000c9600000| Untracked 
| 119|0x00000000c9700000, 0x00000000c9700000, 0x00000000c9800000|  0%| F|  |TAMS 0x00000000c9700000, 0x00000000c9700000| Untracked 
| 120|0x00000000c9800000, 0x00000000c9800000, 0x00000000c9900000|  0%| F|  |TAMS 0x00000000c9800000, 0x00000000c9800000| Untracked 
| 121|0x00000000c9900000, 0x00000000c9900000, 0x00000000c9a00000|  0%| F|  |TAMS 0x00000000c9900000, 0x00000000c9900000| Untracked 
| 122|0x00000000c9a00000, 0x00000000c9a00000, 0x00000000c9b00000|  0%| F|  |TAMS 0x00000000c9a00000, 0x00000000c9a00000| Untracked 
| 123|0x00000000c9b00000, 0x00000000c9b00000, 0x00000000c9c00000|  0%| F|  |TAMS 0x00000000c9b00000, 0x00000000c9b00000| Untracked 
| 124|0x00000000c9c00000, 0x00000000c9c00000, 0x00000000c9d00000|  0%| F|  |TAMS 0x00000000c9c00000, 0x00000000c9c00000| Untracked 
| 125|0x00000000c9d00000, 0x00000000c9d00000, 0x00000000c9e00000|  0%| F|  |TAMS 0x00000000c9d00000, 0x00000000c9d00000| Untracked 
| 126|0x00000000c9e00000, 0x00000000c9e00000, 0x00000000c9f00000|  0%| F|  |TAMS 0x00000000c9e00000, 0x00000000c9e00000| Untracked 
| 127|0x00000000c9f00000, 0x00000000c9f00000, 0x00000000ca000000|  0%| F|  |TAMS 0x00000000c9f00000, 0x00000000c9f00000| Untracked 
| 128|0x00000000ca000000, 0x00000000ca000000, 0x00000000ca100000|  0%| F|  |TAMS 0x00000000ca000000, 0x00000000ca000000| Untracked 
| 129|0x00000000ca100000, 0x00000000ca100000, 0x00000000ca200000|  0%| F|  |TAMS 0x00000000ca100000, 0x00000000ca100000| Untracked 
| 130|0x00000000ca200000, 0x00000000ca200000, 0x00000000ca300000|  0%| F|  |TAMS 0x00000000ca200000, 0x00000000ca200000| Untracked 
| 131|0x00000000ca300000, 0x00000000ca300000, 0x00000000ca400000|  0%| F|  |TAMS 0x00000000ca300000, 0x00000000ca300000| Untracked 
| 132|0x00000000ca400000, 0x00000000ca400000, 0x00000000ca500000|  0%| F|  |TAMS 0x00000000ca400000, 0x00000000ca400000| Untracked 
| 133|0x00000000ca500000, 0x00000000ca500000, 0x00000000ca600000|  0%| F|  |TAMS 0x00000000ca500000, 0x00000000ca500000| Untracked 
| 134|0x00000000ca600000, 0x00000000ca600000, 0x00000000ca700000|  0%| F|  |TAMS 0x00000000ca600000, 0x00000000ca600000| Untracked 
| 135|0x00000000ca700000, 0x00000000ca700000, 0x00000000ca800000|  0%| F|  |TAMS 0x00000000ca700000, 0x00000000ca700000| Untracked 
| 136|0x00000000ca800000, 0x00000000ca800000, 0x00000000ca900000|  0%| F|  |TAMS 0x00000000ca800000, 0x00000000ca800000| Untracked 
| 137|0x00000000ca900000, 0x00000000ca900000, 0x00000000caa00000|  0%| F|  |TAMS 0x00000000ca900000, 0x00000000ca900000| Untracked 
| 138|0x00000000caa00000, 0x00000000caa00000, 0x00000000cab00000|  0%| F|  |TAMS 0x00000000caa00000, 0x00000000caa00000| Untracked 
| 139|0x00000000cab00000, 0x00000000cab00000, 0x00000000cac00000|  0%| F|  |TAMS 0x00000000cab00000, 0x00000000cab00000| Untracked 
| 140|0x00000000cac00000, 0x00000000cac00000, 0x00000000cad00000|  0%| F|  |TAMS 0x00000000cac00000, 0x00000000cac00000| Untracked 
| 141|0x00000000cad00000, 0x00000000cad00000, 0x00000000cae00000|  0%| F|  |TAMS 0x00000000cad00000, 0x00000000cad00000| Untracked 
| 142|0x00000000cae00000, 0x00000000cae00000, 0x00000000caf00000|  0%| F|  |TAMS 0x00000000cae00000, 0x00000000cae00000| Untracked 
| 143|0x00000000caf00000, 0x00000000caf00000, 0x00000000cb000000|  0%| F|  |TAMS 0x00000000caf00000, 0x00000000caf00000| Untracked 
| 144|0x00000000cb000000, 0x00000000cb000000, 0x00000000cb100000|  0%| F|  |TAMS 0x00000000cb000000, 0x00000000cb000000| Untracked 
| 145|0x00000000cb100000, 0x00000000cb100000, 0x00000000cb200000|  0%| F|  |TAMS 0x00000000cb100000, 0x00000000cb100000| Untracked 
| 146|0x00000000cb200000, 0x00000000cb200000, 0x00000000cb300000|  0%| F|  |TAMS 0x00000000cb200000, 0x00000000cb200000| Untracked 
| 147|0x00000000cb300000, 0x00000000cb300000, 0x00000000cb400000|  0%| F|  |TAMS 0x00000000cb300000, 0x00000000cb300000| Untracked 
| 148|0x00000000cb400000, 0x00000000cb400000, 0x00000000cb500000|  0%| F|  |TAMS 0x00000000cb400000, 0x00000000cb400000| Untracked 
| 149|0x00000000cb500000, 0x00000000cb500000, 0x00000000cb600000|  0%| F|  |TAMS 0x00000000cb500000, 0x00000000cb500000| Untracked 
| 150|0x00000000cb600000, 0x00000000cb600000, 0x00000000cb700000|  0%| F|  |TAMS 0x00000000cb600000, 0x00000000cb600000| Untracked 
| 151|0x00000000cb700000, 0x00000000cb700000, 0x00000000cb800000|  0%| F|  |TAMS 0x00000000cb700000, 0x00000000cb700000| Untracked 
| 152|0x00000000cb800000, 0x00000000cb800000, 0x00000000cb900000|  0%| F|  |TAMS 0x00000000cb800000, 0x00000000cb800000| Untracked 
| 153|0x00000000cb900000, 0x00000000cb900000, 0x00000000cba00000|  0%| F|  |TAMS 0x00000000cb900000, 0x00000000cb900000| Untracked 
| 154|0x00000000cba00000, 0x00000000cba00000, 0x00000000cbb00000|  0%| F|  |TAMS 0x00000000cba00000, 0x00000000cba00000| Untracked 
| 155|0x00000000cbb00000, 0x00000000cbb00000, 0x00000000cbc00000|  0%| F|  |TAMS 0x00000000cbb00000, 0x00000000cbb00000| Untracked 
| 156|0x00000000cbc00000, 0x00000000cbc00000, 0x00000000cbd00000|  0%| F|  |TAMS 0x00000000cbc00000, 0x00000000cbc00000| Untracked 
| 157|0x00000000cbd00000, 0x00000000cbd00000, 0x00000000cbe00000|  0%| F|  |TAMS 0x00000000cbd00000, 0x00000000cbd00000| Untracked 
| 158|0x00000000cbe00000, 0x00000000cbe00000, 0x00000000cbf00000|  0%| F|  |TAMS 0x00000000cbe00000, 0x00000000cbe00000| Untracked 
| 159|0x00000000cbf00000, 0x00000000cbf00000, 0x00000000cc000000|  0%| F|  |TAMS 0x00000000cbf00000, 0x00000000cbf00000| Untracked 
| 160|0x00000000cc000000, 0x00000000cc000000, 0x00000000cc100000|  0%| F|  |TAMS 0x00000000cc000000, 0x00000000cc000000| Untracked 
| 161|0x00000000cc100000, 0x00000000cc100000, 0x00000000cc200000|  0%| F|  |TAMS 0x00000000cc100000, 0x00000000cc100000| Untracked 
| 162|0x00000000cc200000, 0x00000000cc200000, 0x00000000cc300000|  0%| F|  |TAMS 0x00000000cc200000, 0x00000000cc200000| Untracked 
| 163|0x00000000cc300000, 0x00000000cc300000, 0x00000000cc400000|  0%| F|  |TAMS 0x00000000cc300000, 0x00000000cc300000| Untracked 
| 164|0x00000000cc400000, 0x00000000cc400000, 0x00000000cc500000|  0%| F|  |TAMS 0x00000000cc400000, 0x00000000cc400000| Untracked 
| 165|0x00000000cc500000, 0x00000000cc500000, 0x00000000cc600000|  0%| F|  |TAMS 0x00000000cc500000, 0x00000000cc500000| Untracked 
| 166|0x00000000cc600000, 0x00000000cc600000, 0x00000000cc700000|  0%| F|  |TAMS 0x00000000cc600000, 0x00000000cc600000| Untracked 
| 167|0x00000000cc700000, 0x00000000cc700000, 0x00000000cc800000|  0%| F|  |TAMS 0x00000000cc700000, 0x00000000cc700000| Untracked 
| 168|0x00000000cc800000, 0x00000000cc800000, 0x00000000cc900000|  0%| F|  |TAMS 0x00000000cc800000, 0x00000000cc800000| Untracked 
| 169|0x00000000cc900000, 0x00000000cc900000, 0x00000000cca00000|  0%| F|  |TAMS 0x00000000cc900000, 0x00000000cc900000| Untracked 
| 170|0x00000000cca00000, 0x00000000cca00000, 0x00000000ccb00000|  0%| F|  |TAMS 0x00000000cca00000, 0x00000000cca00000| Untracked 
| 171|0x00000000ccb00000, 0x00000000ccb00000, 0x00000000ccc00000|  0%| F|  |TAMS 0x00000000ccb00000, 0x00000000ccb00000| Untracked 
| 172|0x00000000ccc00000, 0x00000000ccc00000, 0x00000000ccd00000|  0%| F|  |TAMS 0x00000000ccc00000, 0x00000000ccc00000| Untracked 
| 173|0x00000000ccd00000, 0x00000000ccd00000, 0x00000000cce00000|  0%| F|  |TAMS 0x00000000ccd00000, 0x00000000ccd00000| Untracked 
| 174|0x00000000cce00000, 0x00000000cce00000, 0x00000000ccf00000|  0%| F|  |TAMS 0x00000000cce00000, 0x00000000cce00000| Untracked 
| 175|0x00000000ccf00000, 0x00000000ccf00000, 0x00000000cd000000|  0%| F|  |TAMS 0x00000000ccf00000, 0x00000000ccf00000| Untracked 
| 176|0x00000000cd000000, 0x00000000cd000000, 0x00000000cd100000|  0%| F|  |TAMS 0x00000000cd000000, 0x00000000cd000000| Untracked 
| 177|0x00000000cd100000, 0x00000000cd100000, 0x00000000cd200000|  0%| F|  |TAMS 0x00000000cd100000, 0x00000000cd100000| Untracked 
| 178|0x00000000cd200000, 0x00000000cd200000, 0x00000000cd300000|  0%| F|  |TAMS 0x00000000cd200000, 0x00000000cd200000| Untracked 
| 179|0x00000000cd300000, 0x00000000cd300000, 0x00000000cd400000|  0%| F|  |TAMS 0x00000000cd300000, 0x00000000cd300000| Untracked 
| 180|0x00000000cd400000, 0x00000000cd400000, 0x00000000cd500000|  0%| F|  |TAMS 0x00000000cd400000, 0x00000000cd400000| Untracked 
| 181|0x00000000cd500000, 0x00000000cd500000, 0x00000000cd600000|  0%| F|  |TAMS 0x00000000cd500000, 0x00000000cd500000| Untracked 
| 182|0x00000000cd600000, 0x00000000cd600000, 0x00000000cd700000|  0%| F|  |TAMS 0x00000000cd600000, 0x00000000cd600000| Untracked 
| 183|0x00000000cd700000, 0x00000000cd700000, 0x00000000cd800000|  0%| F|  |TAMS 0x00000000cd700000, 0x00000000cd700000| Untracked 
| 184|0x00000000cd800000, 0x00000000cd800000, 0x00000000cd900000|  0%| F|  |TAMS 0x00000000cd800000, 0x00000000cd800000| Untracked 
| 185|0x00000000cd900000, 0x00000000cd900000, 0x00000000cda00000|  0%| F|  |TAMS 0x00000000cd900000, 0x00000000cd900000| Untracked 
| 186|0x00000000cda00000, 0x00000000cda00000, 0x00000000cdb00000|  0%| F|  |TAMS 0x00000000cda00000, 0x00000000cda00000| Untracked 
| 187|0x00000000cdb00000, 0x00000000cdb00000, 0x00000000cdc00000|  0%| F|  |TAMS 0x00000000cdb00000, 0x00000000cdb00000| Untracked 
| 188|0x00000000cdc00000, 0x00000000cdc00000, 0x00000000cdd00000|  0%| F|  |TAMS 0x00000000cdc00000, 0x00000000cdc00000| Untracked 
| 189|0x00000000cdd00000, 0x00000000cdd00000, 0x00000000cde00000|  0%| F|  |TAMS 0x00000000cdd00000, 0x00000000cdd00000| Untracked 
| 190|0x00000000cde00000, 0x00000000cde00000, 0x00000000cdf00000|  0%| F|  |TAMS 0x00000000cde00000, 0x00000000cde00000| Untracked 
| 191|0x00000000cdf00000, 0x00000000cdf00000, 0x00000000ce000000|  0%| F|  |TAMS 0x00000000cdf00000, 0x00000000cdf00000| Untracked 
| 192|0x00000000ce000000, 0x00000000ce000000, 0x00000000ce100000|  0%| F|  |TAMS 0x00000000ce000000, 0x00000000ce000000| Untracked 
| 193|0x00000000ce100000, 0x00000000ce100000, 0x00000000ce200000|  0%| F|  |TAMS 0x00000000ce100000, 0x00000000ce100000| Untracked 
| 194|0x00000000ce200000, 0x00000000ce200000, 0x00000000ce300000|  0%| F|  |TAMS 0x00000000ce200000, 0x00000000ce200000| Untracked 
| 195|0x00000000ce300000, 0x00000000ce300000, 0x00000000ce400000|  0%| F|  |TAMS 0x00000000ce300000, 0x00000000ce300000| Untracked 
| 196|0x00000000ce400000, 0x00000000ce400000, 0x00000000ce500000|  0%| F|  |TAMS 0x00000000ce400000, 0x00000000ce400000| Untracked 
| 197|0x00000000ce500000, 0x00000000ce500000, 0x00000000ce600000|  0%| F|  |TAMS 0x00000000ce500000, 0x00000000ce500000| Untracked 
| 198|0x00000000ce600000, 0x00000000ce600000, 0x00000000ce700000|  0%| F|  |TAMS 0x00000000ce600000, 0x00000000ce600000| Untracked 
| 199|0x00000000ce700000, 0x00000000ce700000, 0x00000000ce800000|  0%| F|  |TAMS 0x00000000ce700000, 0x00000000ce700000| Untracked 
| 200|0x00000000ce800000, 0x00000000ce800000, 0x00000000ce900000|  0%| F|  |TAMS 0x00000000ce800000, 0x00000000ce800000| Untracked 
| 201|0x00000000ce900000, 0x00000000ce900000, 0x00000000cea00000|  0%| F|  |TAMS 0x00000000ce900000, 0x00000000ce900000| Untracked 
| 202|0x00000000cea00000, 0x00000000cea00000, 0x00000000ceb00000|  0%| F|  |TAMS 0x00000000cea00000, 0x00000000cea00000| Untracked 
| 203|0x00000000ceb00000, 0x00000000ceb00000, 0x00000000cec00000|  0%| F|  |TAMS 0x00000000ceb00000, 0x00000000ceb00000| Untracked 
| 204|0x00000000cec00000, 0x00000000cec00000, 0x00000000ced00000|  0%| F|  |TAMS 0x00000000cec00000, 0x00000000cec00000| Untracked 
| 205|0x00000000ced00000, 0x00000000ced00000, 0x00000000cee00000|  0%| F|  |TAMS 0x00000000ced00000, 0x00000000ced00000| Untracked 
| 206|0x00000000cee00000, 0x00000000cee00000, 0x00000000cef00000|  0%| F|  |TAMS 0x00000000cee00000, 0x00000000cee00000| Untracked 
| 207|0x00000000cef00000, 0x00000000cef00000, 0x00000000cf000000|  0%| F|  |TAMS 0x00000000cef00000, 0x00000000cef00000| Untracked 
| 208|0x00000000cf000000, 0x00000000cf000000, 0x00000000cf100000|  0%| F|  |TAMS 0x00000000cf000000, 0x00000000cf000000| Untracked 
| 209|0x00000000cf100000, 0x00000000cf100000, 0x00000000cf200000|  0%| F|  |TAMS 0x00000000cf100000, 0x00000000cf100000| Untracked 
| 210|0x00000000cf200000, 0x00000000cf200000, 0x00000000cf300000|  0%| F|  |TAMS 0x00000000cf200000, 0x00000000cf200000| Untracked 
| 211|0x00000000cf300000, 0x00000000cf300000, 0x00000000cf400000|  0%| F|  |TAMS 0x00000000cf300000, 0x00000000cf300000| Untracked 
| 212|0x00000000cf400000, 0x00000000cf400000, 0x00000000cf500000|  0%| F|  |TAMS 0x00000000cf400000, 0x00000000cf400000| Untracked 
| 213|0x00000000cf500000, 0x00000000cf500000, 0x00000000cf600000|  0%| F|  |TAMS 0x00000000cf500000, 0x00000000cf500000| Untracked 
| 214|0x00000000cf600000, 0x00000000cf600000, 0x00000000cf700000|  0%| F|  |TAMS 0x00000000cf600000, 0x00000000cf600000| Untracked 
| 215|0x00000000cf700000, 0x00000000cf700000, 0x00000000cf800000|  0%| F|  |TAMS 0x00000000cf700000, 0x00000000cf700000| Untracked 
| 216|0x00000000cf800000, 0x00000000cf800000, 0x00000000cf900000|  0%| F|  |TAMS 0x00000000cf800000, 0x00000000cf800000| Untracked 
| 217|0x00000000cf900000, 0x00000000cf900000, 0x00000000cfa00000|  0%| F|  |TAMS 0x00000000cf900000, 0x00000000cf900000| Untracked 
| 218|0x00000000cfa00000, 0x00000000cfa00000, 0x00000000cfb00000|  0%| F|  |TAMS 0x00000000cfa00000, 0x00000000cfa00000| Untracked 
| 219|0x00000000cfb00000, 0x00000000cfb00000, 0x00000000cfc00000|  0%| F|  |TAMS 0x00000000cfb00000, 0x00000000cfb00000| Untracked 
| 220|0x00000000cfc00000, 0x00000000cfc00000, 0x00000000cfd00000|  0%| F|  |TAMS 0x00000000cfc00000, 0x00000000cfc00000| Untracked 
| 221|0x00000000cfd00000, 0x00000000cfd00000, 0x00000000cfe00000|  0%| F|  |TAMS 0x00000000cfd00000, 0x00000000cfd00000| Untracked 
| 222|0x00000000cfe00000, 0x00000000cfe00000, 0x00000000cff00000|  0%| F|  |TAMS 0x00000000cfe00000, 0x00000000cfe00000| Untracked 
| 223|0x00000000cff00000, 0x00000000cff00000, 0x00000000d0000000|  0%| F|  |TAMS 0x00000000cff00000, 0x00000000cff00000| Untracked 
| 224|0x00000000d0000000, 0x00000000d0000000, 0x00000000d0100000|  0%| F|  |TAMS 0x00000000d0000000, 0x00000000d0000000| Untracked 
| 225|0x00000000d0100000, 0x00000000d0100000, 0x00000000d0200000|  0%| F|  |TAMS 0x00000000d0100000, 0x00000000d0100000| Untracked 
| 226|0x00000000d0200000, 0x00000000d0200000, 0x00000000d0300000|  0%| F|  |TAMS 0x00000000d0200000, 0x00000000d0200000| Untracked 
| 227|0x00000000d0300000, 0x00000000d0300000, 0x00000000d0400000|  0%| F|  |TAMS 0x00000000d0300000, 0x00000000d0300000| Untracked 
| 228|0x00000000d0400000, 0x00000000d0400000, 0x00000000d0500000|  0%| F|  |TAMS 0x00000000d0400000, 0x00000000d0400000| Untracked 
| 229|0x00000000d0500000, 0x00000000d0500000, 0x00000000d0600000|  0%| F|  |TAMS 0x00000000d0500000, 0x00000000d0500000| Untracked 
| 230|0x00000000d0600000, 0x00000000d0600000, 0x00000000d0700000|  0%| F|  |TAMS 0x00000000d0600000, 0x00000000d0600000| Untracked 
| 231|0x00000000d0700000, 0x00000000d0700000, 0x00000000d0800000|  0%| F|  |TAMS 0x00000000d0700000, 0x00000000d0700000| Untracked 
| 232|0x00000000d0800000, 0x00000000d0800000, 0x00000000d0900000|  0%| F|  |TAMS 0x00000000d0800000, 0x00000000d0800000| Untracked 
| 233|0x00000000d0900000, 0x00000000d0900000, 0x00000000d0a00000|  0%| F|  |TAMS 0x00000000d0900000, 0x00000000d0900000| Untracked 
| 234|0x00000000d0a00000, 0x00000000d0a00000, 0x00000000d0b00000|  0%| F|  |TAMS 0x00000000d0a00000, 0x00000000d0a00000| Untracked 
| 235|0x00000000d0b00000, 0x00000000d0b00000, 0x00000000d0c00000|  0%| F|  |TAMS 0x00000000d0b00000, 0x00000000d0b00000| Untracked 
| 236|0x00000000d0c00000, 0x00000000d0c00000, 0x00000000d0d00000|  0%| F|  |TAMS 0x00000000d0c00000, 0x00000000d0c00000| Untracked 
| 237|0x00000000d0d00000, 0x00000000d0d00000, 0x00000000d0e00000|  0%| F|  |TAMS 0x00000000d0d00000, 0x00000000d0d00000| Untracked 
| 238|0x00000000d0e00000, 0x00000000d0e00000, 0x00000000d0f00000|  0%| F|  |TAMS 0x00000000d0e00000, 0x00000000d0e00000| Untracked 
| 239|0x00000000d0f00000, 0x00000000d0f00000, 0x00000000d1000000|  0%| F|  |TAMS 0x00000000d0f00000, 0x00000000d0f00000| Untracked 
| 240|0x00000000d1000000, 0x00000000d1000000, 0x00000000d1100000|  0%| F|  |TAMS 0x00000000d1000000, 0x00000000d1000000| Untracked 
| 241|0x00000000d1100000, 0x00000000d1100000, 0x00000000d1200000|  0%| F|  |TAMS 0x00000000d1100000, 0x00000000d1100000| Untracked 
| 242|0x00000000d1200000, 0x00000000d1200000, 0x00000000d1300000|  0%| F|  |TAMS 0x00000000d1200000, 0x00000000d1200000| Untracked 
| 243|0x00000000d1300000, 0x00000000d1300000, 0x00000000d1400000|  0%| F|  |TAMS 0x00000000d1300000, 0x00000000d1300000| Untracked 
| 244|0x00000000d1400000, 0x00000000d1400000, 0x00000000d1500000|  0%| F|  |TAMS 0x00000000d1400000, 0x00000000d1400000| Untracked 
| 245|0x00000000d1500000, 0x00000000d1500000, 0x00000000d1600000|  0%| F|  |TAMS 0x00000000d1500000, 0x00000000d1500000| Untracked 
| 246|0x00000000d1600000, 0x00000000d1600000, 0x00000000d1700000|  0%| F|  |TAMS 0x00000000d1600000, 0x00000000d1600000| Untracked 
| 247|0x00000000d1700000, 0x00000000d1700000, 0x00000000d1800000|  0%| F|  |TAMS 0x00000000d1700000, 0x00000000d1700000| Untracked 
| 248|0x00000000d1800000, 0x00000000d1800000, 0x00000000d1900000|  0%| F|  |TAMS 0x00000000d1800000, 0x00000000d1800000| Untracked 
| 249|0x00000000d1900000, 0x00000000d1900000, 0x00000000d1a00000|  0%| F|  |TAMS 0x00000000d1900000, 0x00000000d1900000| Untracked 
| 250|0x00000000d1a00000, 0x00000000d1a00000, 0x00000000d1b00000|  0%| F|  |TAMS 0x00000000d1a00000, 0x00000000d1a00000| Untracked 
| 251|0x00000000d1b00000, 0x00000000d1b00000, 0x00000000d1c00000|  0%| F|  |TAMS 0x00000000d1b00000, 0x00000000d1b00000| Untracked 
| 252|0x00000000d1c00000, 0x00000000d1c00000, 0x00000000d1d00000|  0%| F|  |TAMS 0x00000000d1c00000, 0x00000000d1c00000| Untracked 
| 253|0x00000000d1d00000, 0x00000000d1d00000, 0x00000000d1e00000|  0%| F|  |TAMS 0x00000000d1d00000, 0x00000000d1d00000| Untracked 
| 254|0x00000000d1e00000, 0x00000000d1e00000, 0x00000000d1f00000|  0%| F|  |TAMS 0x00000000d1e00000, 0x00000000d1e00000| Untracked 
| 255|0x00000000d1f00000, 0x00000000d1f00000, 0x00000000d2000000|  0%| F|  |TAMS 0x00000000d1f00000, 0x00000000d1f00000| Untracked 
| 256|0x00000000d2000000, 0x00000000d2000000, 0x00000000d2100000|  0%| F|  |TAMS 0x00000000d2000000, 0x00000000d2000000| Untracked 
| 257|0x00000000d2100000, 0x00000000d2100000, 0x00000000d2200000|  0%| F|  |TAMS 0x00000000d2100000, 0x00000000d2100000| Untracked 
| 258|0x00000000d2200000, 0x00000000d2200000, 0x00000000d2300000|  0%| F|  |TAMS 0x00000000d2200000, 0x00000000d2200000| Untracked 
| 259|0x00000000d2300000, 0x00000000d2300000, 0x00000000d2400000|  0%| F|  |TAMS 0x00000000d2300000, 0x00000000d2300000| Untracked 
| 260|0x00000000d2400000, 0x00000000d2400000, 0x00000000d2500000|  0%| F|  |TAMS 0x00000000d2400000, 0x00000000d2400000| Untracked 
| 261|0x00000000d2500000, 0x00000000d25c24a8, 0x00000000d2600000| 75%| S|CS|TAMS 0x00000000d2500000, 0x00000000d2500000| Complete 
| 262|0x00000000d2600000, 0x00000000d2600000, 0x00000000d2700000|  0%| F|  |TAMS 0x00000000d2600000, 0x00000000d2600000| Untracked 
| 263|0x00000000d2700000, 0x00000000d2700000, 0x00000000d2800000|  0%| F|  |TAMS 0x00000000d2700000, 0x00000000d2700000| Untracked 
| 264|0x00000000d2800000, 0x00000000d2800000, 0x00000000d2900000|  0%| F|  |TAMS 0x00000000d2800000, 0x00000000d2800000| Untracked 
| 265|0x00000000d2900000, 0x00000000d2980800, 0x00000000d2a00000| 50%| E|  |TAMS 0x00000000d2900000, 0x00000000d2900000| Complete 
| 266|0x00000000d2a00000, 0x00000000d2b00000, 0x00000000d2b00000|100%| E|CS|TAMS 0x00000000d2a00000, 0x00000000d2a00000| Complete 
| 267|0x00000000d2b00000, 0x00000000d2c00000, 0x00000000d2c00000|100%| E|CS|TAMS 0x00000000d2b00000, 0x00000000d2b00000| Complete 
| 268|0x00000000d2c00000, 0x00000000d2d00000, 0x00000000d2d00000|100%| E|CS|TAMS 0x00000000d2c00000, 0x00000000d2c00000| Complete 
| 269|0x00000000d2d00000, 0x00000000d2e00000, 0x00000000d2e00000|100%| E|CS|TAMS 0x00000000d2d00000, 0x00000000d2d00000| Complete 
| 270|0x00000000d2e00000, 0x00000000d2f00000, 0x00000000d2f00000|100%| E|CS|TAMS 0x00000000d2e00000, 0x00000000d2e00000| Complete 
| 271|0x00000000d2f00000, 0x00000000d3000000, 0x00000000d3000000|100%| E|CS|TAMS 0x00000000d2f00000, 0x00000000d2f00000| Complete 

Card table byte_map: [0x000001f837dc0000,0x000001f837fb0000] _byte_map_base: 0x000001f8377b0000

Marking Bits (Prev, Next): (CMBitMap*) 0x000001f820ddcfd0, (CMBitMap*) 0x000001f820ddcf90
 Prev Bits: [0x000001f839120000, 0x000001f83a0a0000)
 Next Bits: [0x000001f8381a0000, 0x000001f839120000)

Polling page: 0x000001f820550000

Metaspace:

Usage:
  Non-class:     53.35 MB used.
      Class:      6.82 MB used.
       Both:     60.16 MB used.

Virtual space:
  Non-class space:       64.00 MB reserved,      53.50 MB ( 84%) committed,  1 nodes.
      Class space:        1.00 GB reserved,       7.00 MB ( <1%) committed,  1 nodes.
             Both:        1.06 GB reserved,      60.50 MB (  6%) committed. 

Chunk freelists:
   Non-Class:  10.44 MB
       Class:  9.04 MB
        Both:  19.48 MB

MaxMetaspaceSize: unlimited
CompressedClassSpaceSize: 1.00 GB
Initial GC threshold: 21.00 MB
Current GC threshold: 89.19 MB
CDS: on
MetaspaceReclaimPolicy: balanced
 - commit_granule_bytes: 65536.
 - commit_granule_words: 8192.
 - virtual_space_node_default_size: 8388608.
 - enlarge_chunks_in_place: 1.
 - new_chunks_are_fully_committed: 0.
 - uncommit_free_chunks: 1.
 - use_allocation_guard: 0.
 - handle_deallocations: 1.


Internal statistics:

num_allocs_failed_limit: 6.
num_arena_births: 374.
num_arena_deaths: 0.
num_vsnodes_births: 2.
num_vsnodes_deaths: 0.
num_space_committed: 966.
num_space_uncommitted: 0.
num_chunks_returned_to_freelist: 6.
num_chunks_taken_from_freelist: 2645.
num_chunk_merges: 6.
num_chunk_splits: 2048.
num_chunks_enlarged: 1747.
num_inconsistent_stats: 0.

CodeHeap 'non-profiled nmethods': size=120000Kb used=8409Kb max_used=8409Kb free=111591Kb
 bounds [0x000001f830360000, 0x000001f830ba0000, 0x000001f837890000]
CodeHeap 'profiled nmethods': size=120000Kb used=32732Kb max_used=33087Kb free=87268Kb
 bounds [0x000001f828890000, 0x000001f82a8f0000, 0x000001f82fdc0000]
CodeHeap 'non-nmethods': size=5760Kb used=1318Kb max_used=1432Kb free=4441Kb
 bounds [0x000001f82fdc0000, 0x000001f830030000, 0x000001f830360000]
 total_blobs=12003 nmethods=11369 adapters=542
 compilation: enabled
              stopped_count=0, restarted_count=0
 full_count=0

Compilation events (20 events):
Event: 126.475 Thread 0x000001f83cab0960 14351       1       org.jetbrains.kotlin.types.NotNullSimpleType::isMarkedNullable (2 bytes)
Event: 126.475 Thread 0x000001f83cab0960 nmethod 14351 0x000001f8309d9a10 code [0x000001f8309d9ba0, 0x000001f8309d9c78]
Event: 126.565 Thread 0x000001f83cab0960 14352       3       org.jetbrains.kotlin.resolve.scopes.receivers.ClassValueReceiver::getExpression (11 bytes)
Event: 126.566 Thread 0x000001f83cab0960 nmethod 14352 0x000001f829957c10 code [0x000001f829957dc0, 0x000001f829958008]
Event: 126.569 Thread 0x000001f83cab0960 14353       3       org.jetbrains.kotlin.com.intellij.openapi.vfs.VirtualFile::setCharset (7 bytes)
Event: 126.570 Thread 0x000001f83cab0960 nmethod 14353 0x000001f829082390 code [0x000001f829082540, 0x000001f8290827e8]
Event: 126.570 Thread 0x000001f83cab0960 14354       3       org.jetbrains.kotlin.com.intellij.openapi.vfs.VirtualFile::setCharset (8 bytes)
Event: 126.570 Thread 0x000001f83cab0960 nmethod 14354 0x000001f828fc8590 code [0x000001f828fc8720, 0x000001f828fc88e8]
Event: 126.570 Thread 0x000001f83cab0960 14355       3       org.jetbrains.kotlin.com.intellij.psi.impl.source.FileTrees::noStub (20 bytes)
Event: 126.573 Thread 0x000001f83cab0960 nmethod 14355 0x000001f828f8a510 code [0x000001f828f8a6e0, 0x000001f828f8aaf8]
Event: 126.573 Thread 0x000001f83cab0960 14358       3       org.jetbrains.kotlin.com.intellij.psi.impl.source.PsiFileImpl::getFirstChild (8 bytes)
Event: 126.574 Thread 0x000001f83cab0960 nmethod 14358 0x000001f828c84990 code [0x000001f828c84ba0, 0x000001f828c85248]
Event: 126.574 Thread 0x000001f83cab0960 14359       3       org.jetbrains.kotlin.com.intellij.openapi.util.UserDataHolderBase::getCopyableUserData (36 bytes)
Event: 126.577 Thread 0x000001f83cab0960 nmethod 14359 0x000001f8292bf510 code [0x000001f8292bf6e0, 0x000001f8292bfb68]
Event: 126.577 Thread 0x000001f83cab0960 14360       3       org.jetbrains.kotlin.com.intellij.psi.SingleRootFileViewProvider::fileSizeIsGreaterThan (78 bytes)
Event: 126.579 Thread 0x000001f83cab0960 nmethod 14360 0x000001f82935f290 code [0x000001f82935f4e0, 0x000001f82935ffb8]
Event: 126.579 Thread 0x000001f83cab0960 14356       3       org.jetbrains.kotlin.com.intellij.psi.impl.source.PsiFileImpl::<init> (54 bytes)
Event: 126.582 Thread 0x000001f83cab0960 nmethod 14356 0x000001f8290efd90 code [0x000001f8290effc0, 0x000001f8290f08f8]
Event: 126.582 Thread 0x000001f83cab0960 14357       3       org.jetbrains.kotlin.com.intellij.psi.impl.source.PsiFileImpl::updateTrees (39 bytes)
Event: 126.584 Thread 0x000001f83cab0960 nmethod 14357 0x000001f8292bef10 code [0x000001f8292bf0e0, 0x000001f8292bf408]

GC Heap History (20 events):
Event: 59.415 GC heap before
{Heap before GC invocations=33 (full 0):
 garbage-first heap   total 111616K, used 64737K [0x00000000c2000000, 0x0000000100000000)
  region size 1024K, 5 young (5120K), 2 survivors (2048K)
 Metaspace       used 55617K, committed 56000K, reserved 1114112K
  class space    used 6537K, committed 6720K, reserved 1048576K
}
Event: 59.433 GC heap after
{Heap after GC invocations=34 (full 0):
 garbage-first heap   total 111616K, used 62703K [0x00000000c2000000, 0x0000000100000000)
  region size 1024K, 1 young (1024K), 1 survivors (1024K)
 Metaspace       used 55617K, committed 56000K, reserved 1114112K
  class space    used 6537K, committed 6720K, reserved 1048576K
}
Event: 63.953 GC heap before
{Heap before GC invocations=34 (full 0):
 garbage-first heap   total 111616K, used 89327K [0x00000000c2000000, 0x0000000100000000)
  region size 1024K, 27 young (27648K), 1 survivors (1024K)
 Metaspace       used 58086K, committed 58432K, reserved 1114112K
  class space    used 6722K, committed 6912K, reserved 1048576K
}
Event: 63.986 GC heap after
{Heap after GC invocations=35 (full 0):
 garbage-first heap   total 278528K, used 64886K [0x00000000c2000000, 0x0000000100000000)
  region size 1024K, 3 young (3072K), 3 survivors (3072K)
 Metaspace       used 58086K, committed 58432K, reserved 1114112K
  class space    used 6722K, committed 6912K, reserved 1048576K
}
Event: 93.226 GC heap before
{Heap before GC invocations=35 (full 0):
 garbage-first heap   total 278528K, used 205174K [0x00000000c2000000, 0x0000000100000000)
  region size 1024K, 137 young (140288K), 3 survivors (3072K)
 Metaspace       used 61159K, committed 61568K, reserved 1114112K
  class space    used 6969K, committed 7168K, reserved 1048576K
}
Event: 99.132 GC heap after
{Heap after GC invocations=36 (full 0):
 garbage-first heap   total 278528K, used 78804K [0x00000000c2000000, 0x0000000100000000)
  region size 1024K, 15 young (15360K), 15 survivors (15360K)
 Metaspace       used 61159K, committed 61568K, reserved 1114112K
  class space    used 6969K, committed 7168K, reserved 1048576K
}
Event: 99.713 GC heap before
{Heap before GC invocations=36 (full 0):
 garbage-first heap   total 278528K, used 79828K [0x00000000c2000000, 0x0000000100000000)
  region size 1024K, 16 young (16384K), 15 survivors (15360K)
 Metaspace       used 61180K, committed 61568K, reserved 1114112K
  class space    used 6970K, committed 7168K, reserved 1048576K
}
Event: 101.531 GC heap after
{Heap after GC invocations=37 (full 0):
 garbage-first heap   total 278528K, used 80745K [0x00000000c2000000, 0x0000000100000000)
  region size 1024K, 2 young (2048K), 2 survivors (2048K)
 Metaspace       used 61180K, committed 61568K, reserved 1114112K
  class space    used 6970K, committed 7168K, reserved 1048576K
}
Event: 105.529 GC heap before
{Heap before GC invocations=37 (full 0):
 garbage-first heap   total 278528K, used 92009K [0x00000000c2000000, 0x0000000100000000)
  region size 1024K, 13 young (13312K), 2 survivors (2048K)
 Metaspace       used 61247K, committed 61632K, reserved 1114112K
  class space    used 6970K, committed 7168K, reserved 1048576K
}
Event: 105.537 GC heap after
{Heap after GC invocations=38 (full 0):
 garbage-first heap   total 278528K, used 79909K [0x00000000c2000000, 0x0000000100000000)
  region size 1024K, 2 young (2048K), 2 survivors (2048K)
 Metaspace       used 61247K, committed 61632K, reserved 1114112K
  class space    used 6970K, committed 7168K, reserved 1048576K
}
Event: 107.878 GC heap before
{Heap before GC invocations=38 (full 0):
 garbage-first heap   total 278528K, used 91173K [0x00000000c2000000, 0x0000000100000000)
  region size 1024K, 13 young (13312K), 2 survivors (2048K)
 Metaspace       used 61297K, committed 61696K, reserved 1114112K
  class space    used 6971K, committed 7168K, reserved 1048576K
}
Event: 107.884 GC heap after
{Heap after GC invocations=39 (full 0):
 garbage-first heap   total 278528K, used 80342K [0x00000000c2000000, 0x0000000100000000)
  region size 1024K, 2 young (2048K), 2 survivors (2048K)
 Metaspace       used 61297K, committed 61696K, reserved 1114112K
  class space    used 6971K, committed 7168K, reserved 1048576K
}
Event: 109.979 GC heap before
{Heap before GC invocations=39 (full 0):
 garbage-first heap   total 278528K, used 91606K [0x00000000c2000000, 0x0000000100000000)
  region size 1024K, 13 young (13312K), 2 survivors (2048K)
 Metaspace       used 61421K, committed 61824K, reserved 1114112K
  class space    used 6972K, committed 7168K, reserved 1048576K
}
Event: 110.004 GC heap after
{Heap after GC invocations=40 (full 0):
 garbage-first heap   total 278528K, used 81145K [0x00000000c2000000, 0x0000000100000000)
  region size 1024K, 2 young (2048K), 2 survivors (2048K)
 Metaspace       used 61421K, committed 61824K, reserved 1114112K
  class space    used 6972K, committed 7168K, reserved 1048576K
}
Event: 113.695 GC heap before
{Heap before GC invocations=40 (full 0):
 garbage-first heap   total 278528K, used 92409K [0x00000000c2000000, 0x0000000100000000)
  region size 1024K, 13 young (13312K), 2 survivors (2048K)
 Metaspace       used 61464K, committed 61824K, reserved 1114112K
  class space    used 6972K, committed 7168K, reserved 1048576K
}
Event: 113.715 GC heap after
{Heap after GC invocations=41 (full 0):
 garbage-first heap   total 278528K, used 81871K [0x00000000c2000000, 0x0000000100000000)
  region size 1024K, 2 young (2048K), 2 survivors (2048K)
 Metaspace       used 61464K, committed 61824K, reserved 1114112K
  class space    used 6972K, committed 7168K, reserved 1048576K
}
Event: 121.222 GC heap before
{Heap before GC invocations=41 (full 0):
 garbage-first heap   total 278528K, used 98255K [0x00000000c2000000, 0x0000000100000000)
  region size 1024K, 18 young (18432K), 2 survivors (2048K)
 Metaspace       used 61560K, committed 61952K, reserved 1114112K
  class space    used 6976K, committed 7168K, reserved 1048576K
}
Event: 121.302 GC heap after
{Heap after GC invocations=42 (full 0):
 garbage-first heap   total 278528K, used 83722K [0x00000000c2000000, 0x0000000100000000)
  region size 1024K, 3 young (3072K), 3 survivors (3072K)
 Metaspace       used 61560K, committed 61952K, reserved 1114112K
  class space    used 6976K, committed 7168K, reserved 1048576K
}
Event: 124.790 GC heap before
{Heap before GC invocations=42 (full 0):
 garbage-first heap   total 278528K, used 93962K [0x00000000c2000000, 0x0000000100000000)
  region size 1024K, 13 young (13312K), 3 survivors (3072K)
 Metaspace       used 61572K, committed 61952K, reserved 1114112K
  class space    used 6976K, committed 7168K, reserved 1048576K
}
Event: 124.829 GC heap after
{Heap after GC invocations=43 (full 0):
 garbage-first heap   total 278528K, used 84539K [0x00000000c2000000, 0x0000000100000000)
  region size 1024K, 1 young (1024K), 1 survivors (1024K)
 Metaspace       used 61572K, committed 61952K, reserved 1114112K
  class space    used 6976K, committed 7168K, reserved 1048576K
}

Dll operation events (7 events):
Event: 0.030 Loaded shared library C:\Program Files\Microsoft\jdk-17.0.8.7-hotspot\bin\java.dll
Event: 0.162 Loaded shared library C:\Program Files\Microsoft\jdk-17.0.8.7-hotspot\bin\jsvml.dll
Event: 0.356 Loaded shared library C:\Program Files\Microsoft\jdk-17.0.8.7-hotspot\bin\net.dll
Event: 0.363 Loaded shared library C:\Program Files\Microsoft\jdk-17.0.8.7-hotspot\bin\nio.dll
Event: 0.524 Loaded shared library C:\Program Files\Microsoft\jdk-17.0.8.7-hotspot\bin\zip.dll
Event: 0.657 Loaded shared library C:\Program Files\Microsoft\jdk-17.0.8.7-hotspot\bin\jimage.dll
Event: 6.443 Loaded shared library C:\Program Files\Microsoft\jdk-17.0.8.7-hotspot\bin\verify.dll

Deoptimization events (20 events):
Event: 126.268 Thread 0x000001f820da1cf0 Uncommon trap: trap_request=0xffffff45 fr.pc=0x000001f83064684c relative=0x00000000000000ac
Event: 126.293 Thread 0x000001f820da1cf0 Uncommon trap: reason=unstable_if action=reinterpret pc=0x000001f83064684c method=org.jetbrains.kotlin.types.typeUtil.TypeUtilsKt.isStubType(Lorg/jetbrains/kotlin/types/KotlinType;)Z @ 21 c2
Event: 126.293 Thread 0x000001f820da1cf0 DEOPT PACKING pc=0x000001f83064684c sp=0x000000e5045fa4a0
Event: 126.293 Thread 0x000001f820da1cf0 DEOPT UNPACKING pc=0x000001f82fe169a3 sp=0x000000e5045fa3b8 mode 2
Event: 126.326 Thread 0x000001f820da1cf0 Uncommon trap: trap_request=0xffffff45 fr.pc=0x000001f83087775c relative=0x00000000000000bc
Event: 126.326 Thread 0x000001f820da1cf0 Uncommon trap: reason=unstable_if action=reinterpret pc=0x000001f83087775c method=org.jetbrains.kotlin.types.typeUtil.TypeUtilsKt.isStubTypeForBuilderInference(Lorg/jetbrains/kotlin/types/KotlinType;)Z @ 21 c2
Event: 126.326 Thread 0x000001f820da1cf0 DEOPT PACKING pc=0x000001f83087775c sp=0x000000e5045f93e0
Event: 126.326 Thread 0x000001f820da1cf0 DEOPT UNPACKING pc=0x000001f82fe169a3 sp=0x000000e5045f9290 mode 2
Event: 126.326 Thread 0x000001f820da1cf0 Uncommon trap: trap_request=0xffffff45 fr.pc=0x000001f83077a9ec relative=0x00000000000000cc
Event: 126.326 Thread 0x000001f820da1cf0 Uncommon trap: reason=unstable_if action=reinterpret pc=0x000001f83077a9ec method=org.jetbrains.kotlin.types.typeUtil.TypeUtilsKt.isStubType(Lorg/jetbrains/kotlin/types/KotlinType;)Z @ 21 c2
Event: 126.326 Thread 0x000001f820da1cf0 DEOPT PACKING pc=0x000001f83077a9ec sp=0x000000e5045f93d0
Event: 126.326 Thread 0x000001f820da1cf0 DEOPT UNPACKING pc=0x000001f82fe169a3 sp=0x000000e5045f9270 mode 2
Event: 126.327 Thread 0x000001f820da1cf0 Uncommon trap: trap_request=0xffffff45 fr.pc=0x000001f83081001c relative=0x000000000000007c
Event: 126.327 Thread 0x000001f820da1cf0 Uncommon trap: reason=unstable_if action=reinterpret pc=0x000001f83081001c method=org.jetbrains.kotlin.types.checker.ClassicTypeSystemContext$DefaultImpls.asDefinitelyNotNullType(Lorg/jetbrains/kotlin/types/checker/ClassicTypeSystemContext;Lorg/jetbrains/
Event: 126.327 Thread 0x000001f820da1cf0 DEOPT PACKING pc=0x000001f83081001c sp=0x000000e5045f9280
Event: 126.327 Thread 0x000001f820da1cf0 DEOPT UNPACKING pc=0x000001f82fe169a3 sp=0x000000e5045f9190 mode 2
Event: 126.486 Thread 0x000001f820da1cf0 Uncommon trap: trap_request=0xffffffde fr.pc=0x000001f8309bb978 relative=0x0000000000000058
Event: 126.486 Thread 0x000001f820da1cf0 Uncommon trap: reason=class_check action=maybe_recompile pc=0x000001f8309bb978 method=org.jetbrains.kotlin.com.intellij.psi.impl.source.tree.SharedImplUtil.getParent(Lorg/jetbrains/kotlin/com/intellij/lang/ASTNode;)Lorg/jetbrains/kotlin/com/intellij/psi/P
Event: 126.486 Thread 0x000001f820da1cf0 DEOPT PACKING pc=0x000001f8309bb978 sp=0x000000e5045fa650
Event: 126.486 Thread 0x000001f820da1cf0 DEOPT UNPACKING pc=0x000001f82fe169a3 sp=0x000000e5045fa5e0 mode 2

Classes unloaded (0 events):
No events

Classes redefined (0 events):
No events

Internal exceptions (20 events):
Event: 36.178 Thread 0x000001f820da1cf0 Exception <a 'java/lang/NoSuchMethodError'{0x00000000c66591a8}: 'void java.lang.invoke.DirectMethodHandle$Holder.invokeInterface(java.lang.Object, java.lang.Object)'> (0x00000000c66591a8) 
thrown [s\src\hotspot\share\interpreter\linkResolver.cpp, line 759]
Event: 37.044 Thread 0x000001f820da1cf0 Exception <a 'java/lang/NoSuchMethodError'{0x00000000c64d2e30}: 'java.lang.Object java.lang.invoke.DirectMethodHandle$Holder.invokeStaticInit(java.lang.Object, java.lang.Object, java.lang.Object)'> (0x00000000c64d2e30) 
thrown [s\src\hotspot\share\interpreter\linkResolver.cpp, line 759]
Event: 39.476 Thread 0x000001f820da1cf0 Exception <a 'java/lang/NoSuchMethodError'{0x00000000c78a0910}: 'int java.lang.invoke.DirectMethodHandle$Holder.invokeStaticInit(java.lang.Object, int)'> (0x00000000c78a0910) 
thrown [s\src\hotspot\share\interpreter\linkResolver.cpp, line 759]
Event: 40.280 Thread 0x000001f820da1cf0 Exception <a 'java/lang/NoSuchMethodError'{0x00000000c7194468}: 'java.lang.Object java.lang.invoke.DirectMethodHandle$Holder.invokeStatic(java.lang.Object, int, java.lang.Object)'> (0x00000000c7194468) 
thrown [s\src\hotspot\share\interpreter\linkResolver.cpp, line 759]
Event: 40.328 Thread 0x000001f820da1cf0 Exception <a 'java/lang/NoSuchMethodError'{0x00000000c71e5ba8}: 'java.lang.Object java.lang.invoke.DirectMethodHandle$Holder.invokeSpecial(java.lang.Object, java.lang.Object, int, java.lang.Object, java.lang.Object)'> (0x00000000c71e5ba8) 
thrown [s\src\hotspot\share\interpreter\linkResolver.cpp, line 759]
Event: 40.956 Thread 0x000001f820da1cf0 Exception <a 'java/lang/NoSuchMethodError'{0x00000000c6d2fb78}: 'int java.lang.invoke.DirectMethodHandle$Holder.invokeInterface(java.lang.Object, java.lang.Object)'> (0x00000000c6d2fb78) 
thrown [s\src\hotspot\share\interpreter\linkResolver.cpp, line 759]
Event: 41.420 Thread 0x000001f820da1cf0 Exception <a 'java/lang/NoSuchMethodError'{0x00000000c69b9100}: 'java.lang.Object java.lang.invoke.DirectMethodHandle$Holder.invokeStatic(java.lang.Object, int, java.lang.Object, java.lang.Object)'> (0x00000000c69b9100) 
thrown [s\src\hotspot\share\interpreter\linkResolver.cpp, line 759]
Event: 41.422 Thread 0x000001f820da1cf0 Exception <a 'java/lang/NoSuchMethodError'{0x00000000c69c1260}: 'java.lang.Object java.lang.invoke.DirectMethodHandle$Holder.newInvokeSpecial(java.lang.Object, int, java.lang.Object)'> (0x00000000c69c1260) 
thrown [s\src\hotspot\share\interpreter\linkResolver.cpp, line 759]
Event: 55.455 Thread 0x000001f820da1cf0 Exception <a 'java/lang/NoSuchMethodError'{0x00000000c7bbc498}: 'java.lang.Object java.lang.invoke.DirectMethodHandle$Holder.invokeInterface(java.lang.Object, java.lang.Object, java.lang.Object)'> (0x00000000c7bbc498) 
thrown [s\src\hotspot\share\interpreter\linkResolver.cpp, line 759]
Event: 55.456 Thread 0x000001f820da1cf0 Exception <a 'java/lang/IncompatibleClassChangeError'{0x00000000c7bbfe08}: Found class java.lang.Object, but interface was expected> (0x00000000c7bbfe08) 
thrown [s\src\hotspot\share\interpreter\linkResolver.cpp, line 826]
Event: 55.938 Thread 0x000001f820da1cf0 Exception <a 'java/lang/NoSuchMethodError'{0x00000000c70af168}: 'java.lang.Object java.lang.invoke.DirectMethodHandle$Holder.newInvokeSpecial(java.lang.Object, java.lang.Object, java.lang.Object, java.lang.Object, java.lang.Object, java.lang.Object, java.lang.Object)'> (0x00000000c70af168) 
thrown [s\src\hotspot\share\interpreter\linkResolver.cpp, line 759]
Event: 55.939 Thread 0x000001f820da1cf0 Exception <a 'java/lang/NoSuchMethodError'{0x00000000c70b3d20}: 'java.lang.Object java.lang.invoke.Invokers$Holder.linkToTargetMethod(java.lang.Object, java.lang.Object, java.lang.Object, java.lang.Object, java.lang.Object, java.lang.Object, java.lang.Object)'> (0x00000000c70b3d20) 
thrown [s\src\hotspot\share\interpreter\linkResolver.cpp, line 759]
Event: 56.858 Thread 0x000001f820da1cf0 Implicit null exception at 0x000001f830429720 to 0x000001f83042a6c0
Event: 58.221 Thread 0x000001f820da1cf0 Implicit null exception at 0x000001f83069ab13 to 0x000001f8306a35a4
Event: 58.222 Thread 0x000001f820da1cf0 Implicit null exception at 0x000001f83068dfc3 to 0x000001f83068e295
Event: 59.887 Thread 0x000001f820da1cf0 Implicit null exception at 0x000001f830710180 to 0x000001f830710b00
Event: 64.079 Thread 0x000001f820da1cf0 Implicit null exception at 0x000001f83078162c to 0x000001f8307816f8
Event: 67.177 Thread 0x000001f820da1cf0 Exception <a 'java/lang/NoSuchMethodError'{0x00000000d2185fe0}: 'void java.lang.invoke.DirectMethodHandle$Holder.invokeStatic(java.lang.Object, java.lang.Object, java.lang.Object)'> (0x00000000d2185fe0) 
thrown [s\src\hotspot\share\interpreter\linkResolver.cpp, line 759]
Event: 68.443 Thread 0x000001f820da1cf0 Implicit null exception at 0x000001f830633a60 to 0x000001f830633d1c
Event: 68.994 Thread 0x000001f820da1cf0 Implicit null exception at 0x000001f8307d2df2 to 0x000001f8307d3524

VM Operations (20 events):
Event: 120.075 Executing VM operation: Cleanup
Event: 120.076 Executing VM operation: Cleanup done
Event: 121.089 Executing VM operation: Cleanup
Event: 121.181 Executing VM operation: Cleanup done
Event: 121.217 Executing VM operation: G1CollectForAllocation
Event: 121.305 Executing VM operation: G1CollectForAllocation done
Event: 122.307 Executing VM operation: Cleanup
Event: 122.340 Executing VM operation: Cleanup done
Event: 123.349 Executing VM operation: Cleanup
Event: 123.510 Executing VM operation: Cleanup done
Event: 124.524 Executing VM operation: Cleanup
Event: 124.556 Executing VM operation: Cleanup done
Event: 124.790 Executing VM operation: G1CollectForAllocation
Event: 124.829 Executing VM operation: G1CollectForAllocation done
Event: 125.842 Executing VM operation: Cleanup
Event: 125.843 Executing VM operation: Cleanup done
Event: 125.991 Executing VM operation: HandshakeAllThreads
Event: 125.992 Executing VM operation: HandshakeAllThreads done
Event: 125.992 Executing VM operation: HandshakeAllThreads
Event: 125.999 Executing VM operation: HandshakeAllThreads done

Events (20 events):
Event: 103.069 Thread 0x000001f83caef080 flushing nmethod 0x000001f82a684290
Event: 103.069 Thread 0x000001f83caef080 flushing nmethod 0x000001f82a6c1a90
Event: 103.069 Thread 0x000001f83caef080 flushing nmethod 0x000001f82a6eee10
Event: 103.071 Thread 0x000001f83caef080 flushing nmethod 0x000001f82a795710
Event: 103.851 Thread 0x000001f804bb2050 Thread exited: 0x000001f804bb2050
Event: 104.305 Thread 0x000001f804bb7000 Thread added: 0x000001f804bb7000
Event: 109.827 Thread 0x000001f804bb7000 Thread exited: 0x000001f804bb7000
Event: 109.906 Thread 0x000001f83caef080 flushing nmethod 0x000001f828cef410
Event: 109.906 Thread 0x000001f83caef080 flushing nmethod 0x000001f828cf1790
Event: 109.935 Thread 0x000001f83caef080 flushing nmethod 0x000001f829c60490
Event: 126.162 Thread 0x000001f83caef080 flushing nmethod 0x000001f8309d9a10
Event: 126.318 Thread 0x000001f83caef080 flushing nmethod 0x000001f828c84690
Event: 126.340 Thread 0x000001f83caef080 flushing nmethod 0x000001f828d10210
Event: 126.418 Thread 0x000001f83caef080 flushing nmethod 0x000001f828f8a510
Event: 126.425 Thread 0x000001f83caef080 flushing nmethod 0x000001f828fc8590
Event: 126.450 Thread 0x000001f83caef080 flushing nmethod 0x000001f829082390
Event: 126.462 Thread 0x000001f83caef080 flushing nmethod 0x000001f8290e9a90
Event: 126.514 Thread 0x000001f83caef080 flushing nmethod 0x000001f8292bef10
Event: 126.514 Thread 0x000001f83caef080 flushing nmethod 0x000001f8292bf310
Event: 126.539 Thread 0x000001f83caef080 flushing nmethod 0x000001f82935f290


Dynamic libraries:
0x00007ff71ef00000 - 0x00007ff71ef0e000 	C:\Program Files\Microsoft\jdk-17.0.8.7-hotspot\bin\java.exe
0x00007ffc5b550000 - 0x00007ffc5b767000 	C:\WINDOWS\SYSTEM32\ntdll.dll
0x00007ffc59f00000 - 0x00007ffc59fc4000 	C:\WINDOWS\System32\KERNEL32.DLL
0x00007ffc58890000 - 0x00007ffc58c36000 	C:\WINDOWS\System32\KERNELBASE.dll
0x00007ffc58e70000 - 0x00007ffc58f81000 	C:\WINDOWS\System32\ucrtbase.dll
0x00007ffc47160000 - 0x00007ffc47177000 	C:\Program Files\Microsoft\jdk-17.0.8.7-hotspot\bin\jli.dll
0x00007ffc47180000 - 0x00007ffc4719b000 	C:\Program Files\Microsoft\jdk-17.0.8.7-hotspot\bin\VCRUNTIME140.dll
0x00007ffc597a0000 - 0x00007ffc5994e000 	C:\WINDOWS\System32\USER32.dll
0x00007ffc333a0000 - 0x00007ffc33633000 	C:\WINDOWS\WinSxS\amd64_microsoft.windows.common-controls_6595b64144ccf1df_6.0.22621.2506_none_270c5ae97388e100\COMCTL32.dll
0x00007ffc58ce0000 - 0x00007ffc58d06000 	C:\WINDOWS\System32\win32u.dll
0x00007ffc5b460000 - 0x00007ffc5b507000 	C:\WINDOWS\System32\msvcrt.dll
0x00007ffc59630000 - 0x00007ffc59659000 	C:\WINDOWS\System32\GDI32.dll
0x00007ffc58f90000 - 0x00007ffc590a8000 	C:\WINDOWS\System32\gdi32full.dll
0x00007ffc58c40000 - 0x00007ffc58cda000 	C:\WINDOWS\System32\msvcp_win.dll
0x00007ffc59660000 - 0x00007ffc59691000 	C:\WINDOWS\System32\IMM32.DLL
0x00007ffc526b0000 - 0x00007ffc526bc000 	C:\Program Files\Microsoft\jdk-17.0.8.7-hotspot\bin\vcruntime140_1.dll
0x00007ffc2aea0000 - 0x00007ffc2af2d000 	C:\Program Files\Microsoft\jdk-17.0.8.7-hotspot\bin\msvcp140.dll
0x00007ffc0cab0000 - 0x00007ffc0d715000 	C:\Program Files\Microsoft\jdk-17.0.8.7-hotspot\bin\server\jvm.dll
0x00007ffc5a890000 - 0x00007ffc5a943000 	C:\WINDOWS\System32\ADVAPI32.dll
0x00007ffc5a7e0000 - 0x00007ffc5a888000 	C:\WINDOWS\System32\sechost.dll
0x00007ffc58d80000 - 0x00007ffc58da8000 	C:\WINDOWS\System32\bcrypt.dll
0x00007ffc5a640000 - 0x00007ffc5a757000 	C:\WINDOWS\System32\RPCRT4.dll
0x00007ffc576d0000 - 0x00007ffc5771d000 	C:\WINDOWS\SYSTEM32\POWRPROF.dll
0x00007ffc36ab0000 - 0x00007ffc36ab9000 	C:\WINDOWS\SYSTEM32\WSOCK32.dll
0x00007ffc52300000 - 0x00007ffc5230a000 	C:\WINDOWS\SYSTEM32\VERSION.dll
0x00007ffc5a760000 - 0x00007ffc5a7d1000 	C:\WINDOWS\System32\WS2_32.dll
0x00007ffc51fd0000 - 0x00007ffc52004000 	C:\WINDOWS\SYSTEM32\WINMM.dll
0x00007ffc576b0000 - 0x00007ffc576c3000 	C:\WINDOWS\SYSTEM32\UMPDC.dll
0x00007ffc57970000 - 0x00007ffc57988000 	C:\WINDOWS\SYSTEM32\kernel.appcore.dll
0x00007ffc47150000 - 0x00007ffc4715a000 	C:\Program Files\Microsoft\jdk-17.0.8.7-hotspot\bin\jimage.dll
0x00007ffc42770000 - 0x00007ffc429a3000 	C:\WINDOWS\SYSTEM32\DBGHELP.DLL
0x00007ffc592a0000 - 0x00007ffc59629000 	C:\WINDOWS\System32\combase.dll
0x00007ffc5b380000 - 0x00007ffc5b457000 	C:\WINDOWS\System32\OLEAUT32.dll
0x00007ffc41790000 - 0x00007ffc417c2000 	C:\WINDOWS\SYSTEM32\dbgcore.DLL
0x00007ffc59220000 - 0x00007ffc5929a000 	C:\WINDOWS\System32\bcryptPrimitives.dll
0x00007ffc39730000 - 0x00007ffc39755000 	C:\Program Files\Microsoft\jdk-17.0.8.7-hotspot\bin\java.dll
0x00007ffc174c0000 - 0x00007ffc17597000 	C:\Program Files\Microsoft\jdk-17.0.8.7-hotspot\bin\jsvml.dll
0x00007ffc5aa50000 - 0x00007ffc5b2aa000 	C:\WINDOWS\System32\SHELL32.dll
0x00007ffc567a0000 - 0x00007ffc57096000 	C:\WINDOWS\SYSTEM32\windows.storage.dll
0x00007ffc56660000 - 0x00007ffc5679e000 	C:\WINDOWS\SYSTEM32\wintypes.dll
0x00007ffc5a950000 - 0x00007ffc5aa43000 	C:\WINDOWS\System32\SHCORE.dll
0x00007ffc5a310000 - 0x00007ffc5a36e000 	C:\WINDOWS\System32\shlwapi.dll
0x00007ffc587c0000 - 0x00007ffc587e6000 	C:\WINDOWS\SYSTEM32\profapi.dll
0x00007ffc2cdc0000 - 0x00007ffc2cdd9000 	C:\Program Files\Microsoft\jdk-17.0.8.7-hotspot\bin\net.dll
0x00007ffc524e0000 - 0x00007ffc52617000 	C:\WINDOWS\SYSTEM32\WINHTTP.dll
0x00007ffc57df0000 - 0x00007ffc57e59000 	C:\WINDOWS\system32\mswsock.dll
0x00007ffc2c1b0000 - 0x00007ffc2c1c6000 	C:\Program Files\Microsoft\jdk-17.0.8.7-hotspot\bin\nio.dll
0x00007ffc2c000000 - 0x00007ffc2c018000 	C:\Program Files\Microsoft\jdk-17.0.8.7-hotspot\bin\zip.dll
0x00007ffc30520000 - 0x00007ffc30530000 	C:\Program Files\Microsoft\jdk-17.0.8.7-hotspot\bin\verify.dll

dbghelp: loaded successfully - version: 4.0.5 - missing functions: none
symbol engine: initialized successfully - sym options: 0x614 - pdb path: .;C:\Program Files\Microsoft\jdk-17.0.8.7-hotspot\bin;C:\WINDOWS\SYSTEM32;C:\WINDOWS\WinSxS\amd64_microsoft.windows.common-controls_6595b64144ccf1df_6.0.22621.2506_none_270c5ae97388e100;C:\Program Files\Microsoft\jdk-17.0.8.7-hotspot\bin\server

VM Arguments:
java_command: org.jetbrains.kotlin.cli.jvm.K2JVMCompiler @D:\Mobile Application Development\ComicApp\node_modules\react-native-gesture-handler\android\build\20240123_642470512915428548.compiler.options
java_class_path (initial): C:\Users\Siraj\.gradle\caches\modules-2\files-2.1\org.jetbrains.kotlin\kotlin-compiler-embeddable\1.8.0\eb9118d4bcceaa2a94b2ae2a33a4ddba7c9a947f\kotlin-compiler-embeddable-1.8.0.jar;C:\Users\Siraj\.gradle\caches\modules-2\files-2.1\org.jetbrains.kotlin\kotlin-stdlib\1.8.0\1796921c7a3e2e2665a83e6c8d33399336cd39bc\kotlin-stdlib-1.8.0.jar;C:\Users\Siraj\.gradle\caches\modules-2\files-2.1\org.jetbrains.kotlin\kotlin-script-runtime\1.8.0\b2f7e760d283cb339974851c222a4c1d48f2d3d\kotlin-script-runtime-1.8.0.jar;C:\Users\Siraj\.gradle\caches\modules-2\files-2.1\org.jetbrains.kotlin\kotlin-reflect\1.6.10\1cbe9c92c12a94eea200d23c2bbaedaf3daf5132\kotlin-reflect-1.6.10.jar;C:\Users\Siraj\.gradle\caches\modules-2\files-2.1\org.jetbrains.kotlin\kotlin-daemon-embeddable\1.8.0\d255216c551685dc3a7e852b53617f5f01aaaa5c\kotlin-daemon-embeddable-1.8.0.jar;C:\Users\Siraj\.gradle\caches\modules-2\files-2.1\org.jetbrains.intellij.deps\trove4j\1.0.20200330\3afb14d5f9ceb459d724e907a21145e8ff394f02\trove4j-1.0.20200330.jar;C:\Users\Siraj\.gradle\caches\modules-2\files-2.1\net.java.dev.jna\jna\5.6.0\330f2244e9030119ab3030fc3fededc86713d9cc\jna-5.6.0.jar;C:\Users\Siraj\.gradle\caches\modules-2\files-2.1\org.jetbrains.kotlin\kotlin-stdlib-common\1.8.0\f7197e7cc76453ac59f8b0f8d5137cc600becd36\kotlin-stdlib-common-1.8.0.jar;C:\Users\Siraj\.gradle\caches\modules-2\files-2.1\org.jetbrains\annotations\13.0\919f0dfe192fb4e063e7dacadee7f8bb9a2672a9\annotations-13.0.jar
Launcher Type: SUN_STANDARD

[Global flags]
     intx CICompilerCount                          = 4                                         {product} {ergonomic}
     uint ConcGCThreads                            = 2                                         {product} {ergonomic}
     uint G1ConcRefinementThreads                  = 8                                         {product} {ergonomic}
   size_t G1HeapRegionSize                         = 1048576                                   {product} {ergonomic}
    uintx GCDrainStackTargetSize                   = 64                                        {product} {ergonomic}
   size_t InitialHeapSize                          = 65011712                                  {product} {ergonomic}
   size_t MarkStackSize                            = 4194304                                   {product} {ergonomic}
   size_t MaxHeapSize                              = 1040187392                                {product} {ergonomic}
   size_t MaxNewSize                               = 623902720                                 {product} {ergonomic}
   size_t MinHeapDeltaBytes                        = 1048576                                   {product} {ergonomic}
   size_t MinHeapSize                              = 8388608                                   {product} {ergonomic}
    uintx NonNMethodCodeHeapSize                   = 5839372                                {pd product} {ergonomic}
    uintx NonProfiledCodeHeapSize                  = 122909434                              {pd product} {ergonomic}
    uintx ProfiledCodeHeapSize                     = 122909434                              {pd product} {ergonomic}
    uintx ReservedCodeCacheSize                    = 251658240                              {pd product} {ergonomic}
     bool SegmentedCodeCache                       = true                                      {product} {ergonomic}
   size_t SoftMaxHeapSize                          = 1040187392                             {manageable} {ergonomic}
     bool UseCompressedClassPointers               = true                           {product lp64_product} {ergonomic}
     bool UseCompressedOops                        = true                           {product lp64_product} {ergonomic}
     bool UseG1GC                                  = true                                      {product} {ergonomic}
     bool UseLargePagesIndividualAllocation        = false                                  {pd product} {ergonomic}

Logging:
Log output configuration:
 #0: stdout all=warning uptime,level,tags
 #1: stderr all=off uptime,level,tags

Environment Variables:
JAVA_HOME=C:\Program Files\Microsoft\jdk-17.0.8.7-hotspot\
CLASSPATH=D:\Mobile Application Development\ComicApp\android\\gradle\wrapper\gradle-wrapper.jar
PATH=D:\Mobile Application Development\ComicApp\node_modules\.bin;D:\Mobile Application Development\ComicApp\node_modules\.bin;D:\Mobile Application Development\node_modules\.bin;D:\node_modules\.bin;C:\Users\Siraj\AppData\Roaming\npm\node_modules\npm\node_modules\@npmcli\run-script\lib\node-gyp-bin;C:\Program Files\Microsoft\jdk-17.0.8.7-hotspot\bin;C:\Program Files\Microsoft\jdk-11.0.20.8-hotspot\bin;C:\Program Files\Common Files\Oracle\Java\javapath;C:\Windows\system32;C:\Windows;C:\Windows\System32\Wbem;C:\Windows\System32\WindowsPowerShell\v1.0\;C:\Windows\System32\OpenSSH\;C:\Program Files (x86)\NVIDIA Corporation\PhysX\Common;C:\Program Files\PostgreSQL\10\bin;C:\Program Files\PostgreSQL\10\lib;C:\WINDOWS\system32;C:\WINDOWS;C:\WINDOWS\System32\Wbem;C:\WINDOWS\System32\WindowsPowerShell\v1.0\;C:\WINDOWS\System32\OpenSSH\;C:\Program Files\Microsoft SQL Server\Client SDK\ODBC\170\Tools\Binn\;C:\Program Files (x86)\Microsoft SQL Server\150\Tools\Binn\;C:\Program Files\Microsoft SQL Server\150\Tools\Binn\;C:\Program Files\Microsoft SQL Server\150\DTS\Binn\;C:\Program Files (x86)\Microsoft SQL Server\150\DTS\Binn\;C:\Program Files\Azure Data Studio\bin;C:\Program Files\Java\jdk-18.0.2.1\bin;C:\Program Files (x86)\Yarn\bin\;C:\Program Files\Git\cmd;C:\Program Files\Git\mingw64\bin;C:\Program Files\Git\usr\bin;C:\ProgramData\chocolatey\bin;C:\Program Files\nodejs\;C:\Users\Siraj\AppData\Local\Android\Sdk\platform-tools;C:\Users\Siraj\AppData\Local\Android\Sdk\tools;C:\Users\Siraj\AppData\Local\Programs\Python\Python311\Scripts\;C:\Users\Siraj\AppData\Local\Programs\Python\Python311\;C:\Users\Siraj\AppData\Local\Microsoft\WindowsApps;C:\Program Files\JetBrains\PyCharm Community Edition 2021.1.3\bin;;C:\Program Files\Azure Data Studio\bin;C:\Users\Siraj\AppData\Local\Programs\Microsoft VS Code\bin;C:\MinGW\bin;C:\Users\Siraj\AppData\Local\Yarn\bin;C:\Users\Siraj\AppData\Roaming\npm
USERNAME=Siraj
OS=Windows_NT
PROCESSOR_IDENTIFIER=Intel64 Family 6 Model 142 Stepping 10, GenuineIntel
TMP=C:\Users\Siraj\AppData\Local\Temp
TEMP=C:\Users\Siraj\AppData\Local\Temp



---------------  S Y S T E M  ---------------

OS:
 Windows 11 , 64 bit Build 22621 (10.0.22621.2506)
OS uptime: 3 days 3:58 hours
Hyper-V role detected

CPU: total 8 (initial active 8) (4 cores per cpu, 2 threads per core) family 6 model 142 stepping 10 microcode 0xe0, cx8, cmov, fxsr, ht, mmx, 3dnowpref, sse, sse2, sse3, ssse3, sse4.1, sse4.2, popcnt, lzcnt, tsc, tscinvbit, avx, avx2, aes, erms, clmul, bmi1, bmi2, adx, fma, vzeroupper, clflush, clflushopt, hv
Processor Information for all 8 processors :
  Max Mhz: 1801, Current Mhz: 1801, Mhz Limit: 1801

Memory: 4k page, system-wide physical 3962M (415M free)
TotalPageFile size 16250M (AvailPageFile size 367M)
current process WorkingSet (physical memory assigned to process): 182M, peak: 331M
current process commit charge ("private bytes"): 532M, peak: 584M

vm_info: OpenJDK 64-Bit Server VM (17.0.8+7-LTS) for windows-amd64 JRE (17.0.8+7-LTS), built on Jul  7 2023 17:21:55 by "MicrosoftCorporation" with MS VC++ 16.10 / 16.11 (VS2019)

END.
